#! /usr/bin/vvp
:ivl_version "11.0 (stable)";
:ivl_delay_selection "TYPICAL";
:vpi_time_precision + 0;
:vpi_module "/usr/lib/x86_64-linux-gnu/ivl/system.vpi";
:vpi_module "/usr/lib/x86_64-linux-gnu/ivl/vhdl_sys.vpi";
:vpi_module "/usr/lib/x86_64-linux-gnu/ivl/vhdl_textio.vpi";
:vpi_module "/usr/lib/x86_64-linux-gnu/ivl/v2005_math.vpi";
:vpi_module "/usr/lib/x86_64-linux-gnu/ivl/va_math.vpi";
S_0x559c97493730 .scope module, "testbench" "testbench" 2 3;
 .timescale 0 0;
P_0x559c97440af0 .param/l "clk_freq" 0 2 17, +C4<00000000000000000000000000110010>;
v0x559c97459170_0 .var "button1_pushed", 0 0;
v0x559c974bfe60_0 .var "button2_pushed", 0 0;
v0x559c974bff50_0 .var "button3_pushed", 0 0;
v0x559c974c0040_0 .var "button_reset_pushed", 0 0;
v0x559c974c0130_0 .var "clk_50", 0 0;
v0x559c974c0270_0 .net "door", 0 0, L_0x559c974c2100;  1 drivers
v0x559c974c0310_0 .net "floor1", 0 0, L_0x559c974c0e60;  1 drivers
v0x559c974c03b0_0 .net "floor2", 0 0, L_0x559c974c0f90;  1 drivers
v0x559c974c0450_0 .net "floor3", 0 0, L_0x559c974c1030;  1 drivers
v0x559c974c0580_0 .var/i "i", 31 0;
v0x559c974c0620_0 .net "led1", 0 0, v0x559c974b5780_0;  1 drivers
v0x559c974c06c0_0 .net "led2", 0 0, v0x559c974b5820_0;  1 drivers
v0x559c974c0760_0 .net "led3", 0 0, v0x559c974b58c0_0;  1 drivers
v0x559c974c0800_0 .net "moving", 0 0, v0x559c974bc6c0_0;  1 drivers
v0x559c974c08a0_0 .var "sos_flip", 0 0;
v0x559c974c0940_0 .net "sos_mode", 0 0, L_0x559c974c2b90;  1 drivers
v0x559c974c09e0_0 .var "weight_flip", 0 0;
v0x559c974c0a80_0 .var "weight_flip_reset", 0 0;
v0x559c974c0b20_0 .net "weight_limit_exceeded", 0 0, v0x559c974b3610_0;  1 drivers
S_0x559c97493220 .scope module, "TOP" "TOP" 2 34, 3 6 0, S_0x559c97493730;
 .timescale 0 0;
    .port_info 0 /INPUT 1 "clk_50";
    .port_info 1 /INPUT 1 "button1_pushed";
    .port_info 2 /INPUT 1 "button2_pushed";
    .port_info 3 /INPUT 1 "button3_pushed";
    .port_info 4 /INPUT 1 "button_reset_pushed";
    .port_info 5 /INPUT 1 "sos_flip";
    .port_info 6 /INPUT 1 "weight_flip";
    .port_info 7 /INPUT 1 "weight_flip_reset";
    .port_info 8 /OUTPUT 1 "led1";
    .port_info 9 /OUTPUT 1 "led2";
    .port_info 10 /OUTPUT 1 "led3";
    .port_info 11 /OUTPUT 1 "floor1";
    .port_info 12 /OUTPUT 1 "floor2";
    .port_info 13 /OUTPUT 1 "floor3";
    .port_info 14 /OUTPUT 1 "door";
    .port_info 15 /OUTPUT 1 "moving";
    .port_info 16 /OUTPUT 1 "sos_mode";
    .port_info 17 /OUTPUT 1 "weight_limit_exceeded";
P_0x559c974855e0 .param/l "clk_freq" 0 3 7, +C4<00000000000000000000000000110010>;
v0x559c974bcd20_0 .net "button1", 0 0, L_0x559c9749d170;  1 drivers
v0x559c974bcde0_0 .net "button1_pushed", 0 0, v0x559c97459170_0;  1 drivers
v0x559c974bced0_0 .net "button2", 0 0, L_0x559c9749d1e0;  1 drivers
v0x559c974bcfa0_0 .net "button2_pushed", 0 0, v0x559c974bfe60_0;  1 drivers
v0x559c974bd070_0 .net "button3", 0 0, L_0x559c974c0cb0;  1 drivers
v0x559c974bd110_0 .net "button3_pushed", 0 0, v0x559c974bff50_0;  1 drivers
v0x559c974bd1b0_0 .net "button_reset", 0 0, L_0x559c974c0dd0;  1 drivers
v0x559c974bd250_0 .net "button_reset_pushed", 0 0, v0x559c974c0040_0;  1 drivers
v0x559c974bd320_0 .net "clk", 0 0, v0x559c974b4070_0;  1 drivers
v0x559c974bd450_0 .net "clk_50", 0 0, v0x559c974c0130_0;  1 drivers
v0x559c974bd520_0 .net "display10", 0 0, L_0x559c974c22d0;  1 drivers
v0x559c974bd5c0_0 .net "display11", 0 0, L_0x559c974c2370;  1 drivers
v0x559c974bd660_0 .net "display12", 0 0, L_0x559c974c2460;  1 drivers
v0x559c974bd750_0 .net "display13", 0 0, L_0x559c974c2500;  1 drivers
v0x559c974bd840_0 .net "display14", 0 0, L_0x559c974c25a0;  1 drivers
v0x559c974bd930_0 .net "display15", 0 0, L_0x559c974c2640;  1 drivers
v0x559c974bda20_0 .net "display16", 0 0, L_0x559c974c2720;  1 drivers
v0x559c974bdb10_0 .net "display20", 0 0, L_0x559c974c27c0;  1 drivers
v0x559c974bdc00_0 .net "display21", 0 0, L_0x559c974c28b0;  1 drivers
v0x559c974bdcf0_0 .net "display22", 0 0, L_0x559c974c2950;  1 drivers
v0x559c974bdde0_0 .net "display23", 0 0, L_0x559c974c2a50;  1 drivers
v0x559c974bded0_0 .net "display24", 0 0, L_0x559c974c2af0;  1 drivers
v0x559c974bdfc0_0 .net "display25", 0 0, L_0x559c974c2c00;  1 drivers
v0x559c974be0b0_0 .net "display26", 0 0, L_0x559c974c2ca0;  1 drivers
v0x559c974be1a0_0 .net "door", 0 0, L_0x559c974c2100;  alias, 1 drivers
v0x559c974be240_0 .net "floor1", 0 0, L_0x559c974c0e60;  alias, 1 drivers
v0x559c974be370_0 .net "floor2", 0 0, L_0x559c974c0f90;  alias, 1 drivers
v0x559c974be4a0_0 .net "floor3", 0 0, L_0x559c974c1030;  alias, 1 drivers
v0x559c974be5d0_0 .net "led1", 0 0, v0x559c974b5780_0;  alias, 1 drivers
v0x559c974be700_0 .net "led2", 0 0, v0x559c974b5820_0;  alias, 1 drivers
v0x559c974be830_0 .net "led3", 0 0, v0x559c974b58c0_0;  alias, 1 drivers
v0x559c974be960_0 .net "moving", 0 0, v0x559c974bc6c0_0;  alias, 1 drivers
v0x559c974bea00_0 .net "sos_flip", 0 0, v0x559c974c08a0_0;  1 drivers
v0x559c974becb0_0 .net "sos_mode", 0 0, L_0x559c974c2b90;  alias, 1 drivers
v0x559c974bede0_0 .net "weight_flip", 0 0, v0x559c974c09e0_0;  1 drivers
v0x559c974bee80_0 .net "weight_flip_reset", 0 0, v0x559c974c0a80_0;  1 drivers
v0x559c974bef20_0 .net "weight_limit_exceeded", 0 0, v0x559c974b3610_0;  alias, 1 drivers
S_0x559c97432600 .scope module, "BUTTON_HANDLER" "button_handler" 3 53, 4 1 0, S_0x559c97493220;
 .timescale 0 0;
    .port_info 0 /INPUT 1 "button1_pushed";
    .port_info 1 /INPUT 1 "button2_pushed";
    .port_info 2 /INPUT 1 "button3_pushed";
    .port_info 3 /INPUT 1 "button_reset_pushed";
    .port_info 4 /OUTPUT 1 "button1";
    .port_info 5 /OUTPUT 1 "button2";
    .port_info 6 /OUTPUT 1 "button3";
    .port_info 7 /OUTPUT 1 "button_reset";
L_0x559c9749d170 .functor NOT 1, v0x559c97459170_0, C4<0>, C4<0>, C4<0>;
L_0x559c9749d1e0 .functor NOT 1, v0x559c974bfe60_0, C4<0>, C4<0>, C4<0>;
L_0x559c974c0cb0 .functor NOT 1, v0x559c974bff50_0, C4<0>, C4<0>, C4<0>;
L_0x559c974c0dd0 .functor NOT 1, v0x559c974c0040_0, C4<0>, C4<0>, C4<0>;
v0x559c97459b80_0 .net "button1", 0 0, L_0x559c9749d170;  alias, 1 drivers
v0x559c974592f0_0 .net "button1_pushed", 0 0, v0x559c97459170_0;  alias, 1 drivers
v0x559c97487d50_0 .net "button2", 0 0, L_0x559c9749d1e0;  alias, 1 drivers
v0x559c97469220_0 .net "button2_pushed", 0 0, v0x559c974bfe60_0;  alias, 1 drivers
v0x559c97483d40_0 .net "button3", 0 0, L_0x559c974c0cb0;  alias, 1 drivers
v0x559c9749d350_0 .net "button3_pushed", 0 0, v0x559c974bff50_0;  alias, 1 drivers
v0x559c974b27a0_0 .net "button_reset", 0 0, L_0x559c974c0dd0;  alias, 1 drivers
v0x559c974b2860_0 .net "button_reset_pushed", 0 0, v0x559c974c0040_0;  alias, 1 drivers
S_0x559c974b2a70 .scope module, "EMERGENCY" "emergency" 3 82, 5 4 0, S_0x559c97493220;
 .timescale 0 0;
    .port_info 0 /INPUT 1 "button_reset";
    .port_info 1 /INPUT 1 "sos_flip";
    .port_info 2 /OUTPUT 1 "sos_mode";
    .port_info 3 /INPUT 1 "door";
    .port_info 4 /INPUT 1 "weight_flip";
    .port_info 5 /INPUT 1 "weight_flip_reset";
    .port_info 6 /OUTPUT 1 "weight_limit_exceeded";
v0x559c974b3770_0 .net "button_reset", 0 0, L_0x559c974c0dd0;  alias, 1 drivers
v0x559c974b3880_0 .net "door", 0 0, L_0x559c974c2100;  alias, 1 drivers
v0x559c974b3940_0 .net "sos_flip", 0 0, v0x559c974c08a0_0;  alias, 1 drivers
v0x559c974b3a10_0 .net "sos_mode", 0 0, L_0x559c974c2b90;  alias, 1 drivers
v0x559c974b3ae0_0 .net "weight_flip", 0 0, v0x559c974c09e0_0;  alias, 1 drivers
v0x559c974b3bd0_0 .net "weight_flip_reset", 0 0, v0x559c974c0a80_0;  alias, 1 drivers
v0x559c974b3ca0_0 .net "weight_limit_exceeded", 0 0, v0x559c974b3610_0;  alias, 1 drivers
S_0x559c974b2c20 .scope module, "SOS" "sos" 5 16, 6 1 0, S_0x559c974b2a70;
 .timescale 0 0;
    .port_info 0 /INPUT 1 "sos_flip";
    .port_info 1 /OUTPUT 1 "sos_mode";
L_0x559c974c2b90 .functor BUFZ 1, v0x559c974c08a0_0, C4<0>, C4<0>, C4<0>;
v0x559c974b2e20_0 .net "sos_flip", 0 0, v0x559c974c08a0_0;  alias, 1 drivers
v0x559c974b2f00_0 .net "sos_mode", 0 0, L_0x559c974c2b90;  alias, 1 drivers
S_0x559c974b3020 .scope module, "WEIGHT" "weight" 5 20, 7 1 0, S_0x559c974b2a70;
 .timescale 0 0;
    .port_info 0 /INPUT 1 "button_reset";
    .port_info 1 /INPUT 1 "door";
    .port_info 2 /INPUT 1 "weight_flip";
    .port_info 3 /INPUT 1 "weight_flip_reset";
    .port_info 4 /OUTPUT 1 "weight_limit_exceeded";
v0x559c974b3220_0 .net "button_reset", 0 0, L_0x559c974c0dd0;  alias, 1 drivers
v0x559c974b32e0_0 .var "counter", 31 0;
v0x559c974b33a0_0 .net "door", 0 0, L_0x559c974c2100;  alias, 1 drivers
v0x559c974b3440_0 .net "weight_flip", 0 0, v0x559c974c09e0_0;  alias, 1 drivers
v0x559c974b3500_0 .net "weight_flip_reset", 0 0, v0x559c974c0a80_0;  alias, 1 drivers
v0x559c974b3610_0 .var "weight_limit_exceeded", 0 0;
E_0x559c9746ad20 .event posedge, v0x559c974b27a0_0, v0x559c974b3500_0, v0x559c974b3440_0;
S_0x559c974b3d70 .scope module, "FREQUENCY" "frequency" 3 49, 8 1 0, S_0x559c97493220;
 .timescale 0 0;
    .port_info 0 /INPUT 1 "clk_50";
    .port_info 1 /OUTPUT 1 "clk";
P_0x559c974b3f80 .param/l "clk_freq" 0 8 2, +C4<00000000000000000000000000110010>;
v0x559c974b4070_0 .var "clk", 0 0;
v0x559c974b4150_0 .net "clk_50", 0 0, v0x559c974c0130_0;  alias, 1 drivers
v0x559c974b4210_0 .var "counter", 31 0;
E_0x559c9749f1c0 .event posedge, v0x559c974b4150_0;
S_0x559c974b4360 .scope module, "MOVEMENT" "movement" 3 63, 9 10 0, S_0x559c97493220;
 .timescale 0 0;
    .port_info 0 /INPUT 1 "clk";
    .port_info 1 /INPUT 1 "button1";
    .port_info 2 /INPUT 1 "button2";
    .port_info 3 /INPUT 1 "button3";
    .port_info 4 /INPUT 1 "button_reset";
    .port_info 5 /OUTPUT 1 "led1";
    .port_info 6 /OUTPUT 1 "led2";
    .port_info 7 /OUTPUT 1 "led3";
    .port_info 8 /OUTPUT 1 "floor1";
    .port_info 9 /OUTPUT 1 "floor2";
    .port_info 10 /OUTPUT 1 "floor3";
    .port_info 11 /OUTPUT 1 "door";
    .port_info 12 /OUTPUT 1 "moving";
    .port_info 13 /INPUT 1 "sos_mode";
    .port_info 14 /INPUT 1 "weight_limit_exceeded";
    .port_info 15 /OUTPUT 1 "display10";
    .port_info 16 /OUTPUT 1 "display11";
    .port_info 17 /OUTPUT 1 "display12";
    .port_info 18 /OUTPUT 1 "display13";
    .port_info 19 /OUTPUT 1 "display14";
    .port_info 20 /OUTPUT 1 "display15";
    .port_info 21 /OUTPUT 1 "display16";
    .port_info 22 /OUTPUT 1 "display20";
    .port_info 23 /OUTPUT 1 "display21";
    .port_info 24 /OUTPUT 1 "display22";
    .port_info 25 /OUTPUT 1 "display23";
    .port_info 26 /OUTPUT 1 "display24";
    .port_info 27 /OUTPUT 1 "display25";
    .port_info 28 /OUTPUT 1 "display26";
P_0x559c974b4540 .param/l "door_time" 0 9 39, +C4<00000000000000000000000000000010>;
P_0x559c974b4580 .param/l "labelF1" 0 9 39, C4<00>;
P_0x559c974b45c0 .param/l "labelF2" 0 9 39, C4<01>;
P_0x559c974b4600 .param/l "labelF3" 0 9 39, C4<10>;
P_0x559c974b4640 .param/l "move_time" 0 9 39, +C4<00000000000000000000000000000101>;
v0x559c974bb000_0 .net "button1", 0 0, L_0x559c9749d170;  alias, 1 drivers
v0x559c974bb110_0 .net "button2", 0 0, L_0x559c9749d1e0;  alias, 1 drivers
v0x559c974bb220_0 .net "button3", 0 0, L_0x559c974c0cb0;  alias, 1 drivers
v0x559c974bb310_0 .net "button_reset", 0 0, L_0x559c974c0dd0;  alias, 1 drivers
v0x559c974bb3b0_0 .net "clk", 0 0, v0x559c974b4070_0;  alias, 1 drivers
v0x559c974bb450_0 .net "display10", 0 0, L_0x559c974c22d0;  alias, 1 drivers
v0x559c974bb4f0_0 .net "display11", 0 0, L_0x559c974c2370;  alias, 1 drivers
v0x559c974bb590_0 .net "display12", 0 0, L_0x559c974c2460;  alias, 1 drivers
v0x559c974bb630_0 .net "display13", 0 0, L_0x559c974c2500;  alias, 1 drivers
v0x559c974bb6d0_0 .net "display14", 0 0, L_0x559c974c25a0;  alias, 1 drivers
v0x559c974bb770_0 .net "display15", 0 0, L_0x559c974c2640;  alias, 1 drivers
v0x559c974bb810_0 .net "display16", 0 0, L_0x559c974c2720;  alias, 1 drivers
v0x559c974bb8b0_0 .net "display20", 0 0, L_0x559c974c27c0;  alias, 1 drivers
v0x559c974bb950_0 .net "display21", 0 0, L_0x559c974c28b0;  alias, 1 drivers
v0x559c974bb9f0_0 .net "display22", 0 0, L_0x559c974c2950;  alias, 1 drivers
v0x559c974bba90_0 .net "display23", 0 0, L_0x559c974c2a50;  alias, 1 drivers
v0x559c974bbb30_0 .net "display24", 0 0, L_0x559c974c2af0;  alias, 1 drivers
v0x559c974bbd10_0 .net "display25", 0 0, L_0x559c974c2c00;  alias, 1 drivers
v0x559c974bbde0_0 .net "display26", 0 0, L_0x559c974c2ca0;  alias, 1 drivers
v0x559c974bbeb0_0 .net "door", 0 0, L_0x559c974c2100;  alias, 1 drivers
v0x559c974bbf50_0 .net "door_clk", 0 0, v0x559c974b76f0_0;  1 drivers
v0x559c974bc020_0 .var "floor", 1 0;
v0x559c974bc0c0_0 .net "floor1", 0 0, L_0x559c974c0e60;  alias, 1 drivers
v0x559c974bc160_0 .net "floor2", 0 0, L_0x559c974c0f90;  alias, 1 drivers
v0x559c974bc200_0 .net "floor3", 0 0, L_0x559c974c1030;  alias, 1 drivers
v0x559c974bc2a0_0 .net "goal_floor", 1 0, v0x559c974b9590_0;  1 drivers
v0x559c974bc370_0 .net "led1", 0 0, v0x559c974b5780_0;  alias, 1 drivers
v0x559c974bc410_0 .net "led2", 0 0, v0x559c974b5820_0;  alias, 1 drivers
v0x559c974bc4b0_0 .net "led3", 0 0, v0x559c974b58c0_0;  alias, 1 drivers
v0x559c974bc550_0 .net "move_clk", 0 0, v0x559c974b8160_0;  1 drivers
v0x559c974bc620_0 .var "move_handler", 0 0;
v0x559c974bc6c0_0 .var "moving", 0 0;
v0x559c974bc790_0 .var "next_floor", 1 0;
v0x559c974bca40_0 .net "sos_mode", 0 0, L_0x559c974c2b90;  alias, 1 drivers
v0x559c974bcae0_0 .net "weight_limit_exceeded", 0 0, v0x559c974b3610_0;  alias, 1 drivers
E_0x559c9749e3c0 .event edge, v0x559c974b9590_0, v0x559c974b56e0_0;
E_0x559c974b4bc0 .event posedge, v0x559c974b27a0_0, v0x559c974b8160_0;
E_0x559c974b4c20/0 .event negedge, v0x559c974b5960_0;
E_0x559c974b4c20/1 .event posedge, v0x559c974b27a0_0, v0x559c974b76f0_0;
E_0x559c974b4c20 .event/or E_0x559c974b4c20/0, E_0x559c974b4c20/1;
E_0x559c974b4c80/0 .event posedge, v0x559c974b6f20_0, v0x559c974b6e60_0, v0x559c974b6da0_0, v0x559c974b3610_0;
E_0x559c974b4c80/1 .event posedge, v0x559c974b27a0_0;
E_0x559c974b4c80 .event/or E_0x559c974b4c80/0, E_0x559c974b4c80/1;
S_0x559c974b4d20 .scope module, "BT" "buttons" 9 88, 10 1 0, S_0x559c974b4360;
 .timescale 0 0;
    .port_info 0 /INPUT 1 "clk";
    .port_info 1 /INPUT 1 "button1";
    .port_info 2 /INPUT 1 "button2";
    .port_info 3 /INPUT 1 "button3";
    .port_info 4 /INPUT 1 "button_reset";
    .port_info 5 /OUTPUT 1 "led1";
    .port_info 6 /OUTPUT 1 "led2";
    .port_info 7 /OUTPUT 1 "led3";
    .port_info 8 /INPUT 1 "move_handler";
    .port_info 9 /INPUT 2 "floor";
P_0x559c9749d6e0 .param/l "labelF1" 0 10 2, C4<00>;
P_0x559c9749d720 .param/l "labelF2" 0 10 3, C4<01>;
P_0x559c9749d760 .param/l "labelF3" 0 10 4, C4<10>;
v0x559c974b5290_0 .net "button1", 0 0, L_0x559c9749d170;  alias, 1 drivers
v0x559c974b5380_0 .net "button2", 0 0, L_0x559c9749d1e0;  alias, 1 drivers
v0x559c974b5450_0 .net "button3", 0 0, L_0x559c974c0cb0;  alias, 1 drivers
v0x559c974b5550_0 .net "button_reset", 0 0, L_0x559c974c0dd0;  alias, 1 drivers
v0x559c974b55f0_0 .net "clk", 0 0, v0x559c974b4070_0;  alias, 1 drivers
v0x559c974b56e0_0 .net "floor", 1 0, v0x559c974bc020_0;  1 drivers
v0x559c974b5780_0 .var "led1", 0 0;
v0x559c974b5820_0 .var "led2", 0 0;
v0x559c974b58c0_0 .var "led3", 0 0;
v0x559c974b5960_0 .net "move_handler", 0 0, v0x559c974bc620_0;  1 drivers
E_0x559c974b5170 .event posedge, v0x559c974b27a0_0, v0x559c974b4070_0, v0x559c97483d40_0;
E_0x559c974b51d0 .event posedge, v0x559c974b27a0_0, v0x559c974b4070_0, v0x559c97487d50_0;
E_0x559c974b5230 .event posedge, v0x559c974b27a0_0, v0x559c974b4070_0, v0x559c97459b80_0;
S_0x559c974b5bc0 .scope module, "DOOR" "door" 9 71, 11 1 0, S_0x559c974b4360;
 .timescale 0 0;
    .port_info 0 /INPUT 1 "clk";
    .port_info 1 /INPUT 1 "moving";
    .port_info 2 /INPUT 1 "f1";
    .port_info 3 /INPUT 1 "f2";
    .port_info 4 /INPUT 1 "f3";
    .port_info 5 /OUTPUT 1 "door";
    .port_info 6 /INPUT 1 "weight_limit_exceeded";
L_0x559c974c10d0 .functor NOT 1, v0x559c974bc6c0_0, C4<0>, C4<0>, C4<0>;
L_0x559c974c11d0 .functor NOT 1, L_0x559c974c0e60, C4<0>, C4<0>, C4<0>;
L_0x559c974c1240 .functor NOT 1, L_0x559c974c0f90, C4<0>, C4<0>, C4<0>;
L_0x559c974c12b0 .functor AND 1, L_0x559c974c11d0, L_0x559c974c1240, C4<1>, C4<1>;
L_0x559c974c1320 .functor AND 1, L_0x559c974c12b0, L_0x559c974c1030, C4<1>, C4<1>;
L_0x559c974c1390 .functor NOT 1, L_0x559c974c0e60, C4<0>, C4<0>, C4<0>;
L_0x559c974c1550 .functor AND 1, L_0x559c974c1390, L_0x559c974c0f90, C4<1>, C4<1>;
L_0x559c974c1720 .functor NOT 1, L_0x559c974c1030, C4<0>, C4<0>, C4<0>;
L_0x559c974c18f0 .functor AND 1, L_0x559c974c1550, L_0x559c974c1720, C4<1>, C4<1>;
L_0x559c974c1a00 .functor OR 1, L_0x559c974c1320, L_0x559c974c18f0, C4<0>, C4<0>;
L_0x559c974c1b70 .functor NOT 1, L_0x559c974c0f90, C4<0>, C4<0>, C4<0>;
L_0x559c974c1be0 .functor AND 1, L_0x559c974c0e60, L_0x559c974c1b70, C4<1>, C4<1>;
L_0x559c974c1cc0 .functor NOT 1, L_0x559c974c1030, C4<0>, C4<0>, C4<0>;
L_0x559c974c1d30 .functor AND 1, L_0x559c974c1be0, L_0x559c974c1cc0, C4<1>, C4<1>;
L_0x559c974c1c50 .functor OR 1, L_0x559c974c1a00, L_0x559c974c1d30, C4<0>, C4<0>;
L_0x559c974c1f60 .functor AND 1, L_0x559c974c10d0, L_0x559c974c1c50, C4<1>, C4<1>;
L_0x559c974c2100 .functor OR 1, L_0x559c974c1f60, v0x559c974b3610_0, C4<0>, C4<0>;
v0x559c974b5db0_0 .net *"_ivl_0", 0 0, L_0x559c974c10d0;  1 drivers
v0x559c974b5e90_0 .net *"_ivl_10", 0 0, L_0x559c974c1390;  1 drivers
v0x559c974b5f70_0 .net *"_ivl_12", 0 0, L_0x559c974c1550;  1 drivers
v0x559c974b6060_0 .net *"_ivl_14", 0 0, L_0x559c974c1720;  1 drivers
v0x559c974b6140_0 .net *"_ivl_16", 0 0, L_0x559c974c18f0;  1 drivers
v0x559c974b6270_0 .net *"_ivl_18", 0 0, L_0x559c974c1a00;  1 drivers
v0x559c974b6350_0 .net *"_ivl_2", 0 0, L_0x559c974c11d0;  1 drivers
v0x559c974b6430_0 .net *"_ivl_20", 0 0, L_0x559c974c1b70;  1 drivers
v0x559c974b6510_0 .net *"_ivl_22", 0 0, L_0x559c974c1be0;  1 drivers
v0x559c974b65f0_0 .net *"_ivl_24", 0 0, L_0x559c974c1cc0;  1 drivers
v0x559c974b66d0_0 .net *"_ivl_26", 0 0, L_0x559c974c1d30;  1 drivers
v0x559c974b67b0_0 .net *"_ivl_28", 0 0, L_0x559c974c1c50;  1 drivers
v0x559c974b6890_0 .net *"_ivl_30", 0 0, L_0x559c974c1f60;  1 drivers
v0x559c974b6970_0 .net *"_ivl_4", 0 0, L_0x559c974c1240;  1 drivers
v0x559c974b6a50_0 .net *"_ivl_6", 0 0, L_0x559c974c12b0;  1 drivers
v0x559c974b6b30_0 .net *"_ivl_8", 0 0, L_0x559c974c1320;  1 drivers
v0x559c974b6c10_0 .net "clk", 0 0, v0x559c974b4070_0;  alias, 1 drivers
v0x559c974b6cb0_0 .net "door", 0 0, L_0x559c974c2100;  alias, 1 drivers
v0x559c974b6da0_0 .net "f1", 0 0, L_0x559c974c0e60;  alias, 1 drivers
v0x559c974b6e60_0 .net "f2", 0 0, L_0x559c974c0f90;  alias, 1 drivers
v0x559c974b6f20_0 .net "f3", 0 0, L_0x559c974c1030;  alias, 1 drivers
v0x559c974b6fe0_0 .net "moving", 0 0, v0x559c974bc6c0_0;  alias, 1 drivers
v0x559c974b70a0_0 .net "weight_limit_exceeded", 0 0, v0x559c974b3610_0;  alias, 1 drivers
S_0x559c974b72b0 .scope module, "FD" "frequency_door" 9 49, 12 1 0, S_0x559c974b4360;
 .timescale 0 0;
    .port_info 0 /INPUT 1 "clk";
    .port_info 1 /INPUT 1 "move_handler";
    .port_info 2 /INPUT 1 "weight_limit_exceeded";
    .port_info 3 /OUTPUT 1 "door_clk";
P_0x559c974b7490 .param/l "door_time" 0 12 2, +C4<00000000000000000000000000000010>;
v0x559c974b7550_0 .net "clk", 0 0, v0x559c974b4070_0;  alias, 1 drivers
v0x559c974b7610_0 .var "counter", 31 0;
v0x559c974b76f0_0 .var "door_clk", 0 0;
v0x559c974b7790_0 .net "move_handler", 0 0, v0x559c974bc620_0;  alias, 1 drivers
v0x559c974b7860_0 .net "weight_limit_exceeded", 0 0, v0x559c974b3610_0;  alias, 1 drivers
E_0x559c974b5d70 .event posedge, v0x559c974b4070_0;
S_0x559c974b79b0 .scope module, "FM" "frequency_move" 9 55, 13 1 0, S_0x559c974b4360;
 .timescale 0 0;
    .port_info 0 /INPUT 1 "clk";
    .port_info 1 /INPUT 1 "led1";
    .port_info 2 /INPUT 1 "led2";
    .port_info 3 /INPUT 1 "led3";
    .port_info 4 /INPUT 1 "move_handler";
    .port_info 5 /INPUT 1 "sos_mode";
    .port_info 6 /INPUT 1 "weight_limit_exceeded";
    .port_info 7 /OUTPUT 1 "move_clk";
P_0x559c974b7b90 .param/l "move_time" 0 13 2, +C4<00000000000000000000000000000101>;
v0x559c974b7d50_0 .net "clk", 0 0, v0x559c974b4070_0;  alias, 1 drivers
v0x559c974b7e10_0 .var "counter", 25 0;
v0x559c974b7ef0_0 .net "led1", 0 0, v0x559c974b5780_0;  alias, 1 drivers
v0x559c974b7ff0_0 .net "led2", 0 0, v0x559c974b5820_0;  alias, 1 drivers
v0x559c974b80c0_0 .net "led3", 0 0, v0x559c974b58c0_0;  alias, 1 drivers
v0x559c974b8160_0 .var "move_clk", 0 0;
v0x559c974b8200_0 .net "move_handler", 0 0, v0x559c974bc620_0;  alias, 1 drivers
v0x559c974b82f0_0 .net "sos_mode", 0 0, L_0x559c974c2b90;  alias, 1 drivers
v0x559c974b83e0_0 .net "weight_limit_exceeded", 0 0, v0x559c974b3610_0;  alias, 1 drivers
S_0x559c974b8520 .scope module, "FT" "floor_types" 9 65, 14 1 0, S_0x559c974b4360;
 .timescale 0 0;
    .port_info 0 /INPUT 2 "floor";
    .port_info 1 /OUTPUT 1 "floor1";
    .port_info 2 /OUTPUT 1 "floor2";
    .port_info 3 /OUTPUT 1 "floor3";
P_0x559c974b86b0 .param/l "labelF1" 0 14 2, C4<00>;
P_0x559c974b86f0 .param/l "labelF2" 0 14 3, C4<01>;
P_0x559c974b8730 .param/l "labelF3" 0 14 4, C4<10>;
L_0x7f983137e018 .functor BUFT 1, C4<00>, C4<0>, C4<0>, C4<0>;
v0x559c974b88f0_0 .net/2u *"_ivl_0", 1 0, L_0x7f983137e018;  1 drivers
L_0x7f983137e060 .functor BUFT 1, C4<01>, C4<0>, C4<0>, C4<0>;
v0x559c974b89d0_0 .net/2u *"_ivl_4", 1 0, L_0x7f983137e060;  1 drivers
L_0x7f983137e0a8 .functor BUFT 1, C4<10>, C4<0>, C4<0>, C4<0>;
v0x559c974b8ab0_0 .net/2u *"_ivl_8", 1 0, L_0x7f983137e0a8;  1 drivers
v0x559c974b8b70_0 .net "floor", 1 0, v0x559c974bc020_0;  alias, 1 drivers
v0x559c974b8c30_0 .net "floor1", 0 0, L_0x559c974c0e60;  alias, 1 drivers
v0x559c974b8d20_0 .net "floor2", 0 0, L_0x559c974c0f90;  alias, 1 drivers
v0x559c974b8df0_0 .net "floor3", 0 0, L_0x559c974c1030;  alias, 1 drivers
L_0x559c974c0e60 .cmp/eq 2, v0x559c974bc020_0, L_0x7f983137e018;
L_0x559c974c0f90 .cmp/eq 2, v0x559c974bc020_0, L_0x7f983137e060;
L_0x559c974c1030 .cmp/eq 2, v0x559c974bc020_0, L_0x7f983137e0a8;
S_0x559c974b8ef0 .scope module, "GOAL" "goal" 9 80, 15 1 0, S_0x559c974b4360;
 .timescale 0 0;
    .port_info 0 /INPUT 2 "floor";
    .port_info 1 /INPUT 1 "led1";
    .port_info 2 /INPUT 1 "led2";
    .port_info 3 /INPUT 1 "led3";
    .port_info 4 /INPUT 1 "move_handler";
    .port_info 5 /OUTPUT 2 "gf";
P_0x559c974b90d0 .param/l "labelF1" 0 15 2, C4<00>;
P_0x559c974b9110 .param/l "labelF2" 0 15 3, C4<01>;
P_0x559c974b9150 .param/l "labelF3" 0 15 4, C4<10>;
v0x559c974b9460_0 .net "floor", 1 0, v0x559c974bc020_0;  alias, 1 drivers
v0x559c974b9590_0 .var "gf", 1 0;
v0x559c974b9670_0 .net "led1", 0 0, v0x559c974b5780_0;  alias, 1 drivers
v0x559c974b9760_0 .net "led2", 0 0, v0x559c974b5820_0;  alias, 1 drivers
v0x559c974b9850_0 .net "led3", 0 0, v0x559c974b58c0_0;  alias, 1 drivers
v0x559c974b9990_0 .net "move_handler", 0 0, v0x559c974bc620_0;  alias, 1 drivers
E_0x559c974b93f0 .event edge, v0x559c974b58c0_0, v0x559c974b5820_0, v0x559c974b5780_0, v0x559c974b5960_0;
S_0x559c974b9b10 .scope module, "SEG" "segments" 9 100, 16 1 0, S_0x559c974b4360;
 .timescale 0 0;
    .port_info 0 /INPUT 1 "floor1";
    .port_info 1 /INPUT 1 "floor2";
    .port_info 2 /INPUT 1 "floor3";
    .port_info 3 /OUTPUT 1 "display10";
    .port_info 4 /OUTPUT 1 "display11";
    .port_info 5 /OUTPUT 1 "display12";
    .port_info 6 /OUTPUT 1 "display13";
    .port_info 7 /OUTPUT 1 "display14";
    .port_info 8 /OUTPUT 1 "display15";
    .port_info 9 /OUTPUT 1 "display16";
    .port_info 10 /OUTPUT 1 "display20";
    .port_info 11 /OUTPUT 1 "display21";
    .port_info 12 /OUTPUT 1 "display22";
    .port_info 13 /OUTPUT 1 "display23";
    .port_info 14 /OUTPUT 1 "display24";
    .port_info 15 /OUTPUT 1 "display25";
    .port_info 16 /OUTPUT 1 "display26";
v0x559c974b9ed0_0 .var "display1", 6 0;
v0x559c974b9fd0_0 .net "display10", 0 0, L_0x559c974c22d0;  alias, 1 drivers
v0x559c974ba090_0 .net "display11", 0 0, L_0x559c974c2370;  alias, 1 drivers
v0x559c974ba130_0 .net "display12", 0 0, L_0x559c974c2460;  alias, 1 drivers
v0x559c974ba1f0_0 .net "display13", 0 0, L_0x559c974c2500;  alias, 1 drivers
v0x559c974ba300_0 .net "display14", 0 0, L_0x559c974c25a0;  alias, 1 drivers
v0x559c974ba3c0_0 .net "display15", 0 0, L_0x559c974c2640;  alias, 1 drivers
v0x559c974ba480_0 .net "display16", 0 0, L_0x559c974c2720;  alias, 1 drivers
v0x559c974ba540_0 .var "display2", 6 0;
v0x559c974ba620_0 .net "display20", 0 0, L_0x559c974c27c0;  alias, 1 drivers
v0x559c974ba6e0_0 .net "display21", 0 0, L_0x559c974c28b0;  alias, 1 drivers
v0x559c974ba7a0_0 .net "display22", 0 0, L_0x559c974c2950;  alias, 1 drivers
v0x559c974ba860_0 .net "display23", 0 0, L_0x559c974c2a50;  alias, 1 drivers
v0x559c974ba920_0 .net "display24", 0 0, L_0x559c974c2af0;  alias, 1 drivers
v0x559c974ba9e0_0 .net "display25", 0 0, L_0x559c974c2c00;  alias, 1 drivers
v0x559c974baaa0_0 .net "display26", 0 0, L_0x559c974c2ca0;  alias, 1 drivers
v0x559c974bab60_0 .net "floor1", 0 0, L_0x559c974c0e60;  alias, 1 drivers
v0x559c974bac00_0 .net "floor2", 0 0, L_0x559c974c0f90;  alias, 1 drivers
v0x559c974bacf0_0 .net "floor3", 0 0, L_0x559c974c1030;  alias, 1 drivers
E_0x559c974b9310 .event posedge, v0x559c974b6f20_0, v0x559c974b6e60_0, v0x559c974b6da0_0;
L_0x559c974c22d0 .part v0x559c974b9ed0_0, 6, 1;
L_0x559c974c2370 .part v0x559c974b9ed0_0, 5, 1;
L_0x559c974c2460 .part v0x559c974b9ed0_0, 4, 1;
L_0x559c974c2500 .part v0x559c974b9ed0_0, 3, 1;
L_0x559c974c25a0 .part v0x559c974b9ed0_0, 2, 1;
L_0x559c974c2640 .part v0x559c974b9ed0_0, 1, 1;
L_0x559c974c2720 .part v0x559c974b9ed0_0, 0, 1;
L_0x559c974c27c0 .part v0x559c974ba540_0, 6, 1;
L_0x559c974c28b0 .part v0x559c974ba540_0, 5, 1;
L_0x559c974c2950 .part v0x559c974ba540_0, 4, 1;
L_0x559c974c2a50 .part v0x559c974ba540_0, 3, 1;
L_0x559c974c2af0 .part v0x559c974ba540_0, 2, 1;
L_0x559c974c2c00 .part v0x559c974ba540_0, 1, 1;
L_0x559c974c2ca0 .part v0x559c974ba540_0, 0, 1;
S_0x559c974bf1c0 .scope task, "increase_people" "increase_people" 2 78, 2 78 0, S_0x559c97493730;
 .timescale 0 0;
TD_testbench.increase_people ;
    %delay 50, 0;
    %load/vec4 v0x559c974c09e0_0;
    %inv;
    %store/vec4 v0x559c974c09e0_0, 0, 1;
    %delay 50, 0;
    %load/vec4 v0x559c974c09e0_0;
    %inv;
    %store/vec4 v0x559c974c09e0_0, 0, 1;
    %end;
S_0x559c974bf370 .scope task, "press_button1" "press_button1" 2 98, 2 98 0, S_0x559c97493730;
 .timescale 0 0;
TD_testbench.press_button1 ;
    %delay 25, 0;
    %load/vec4 v0x559c97459170_0;
    %inv;
    %store/vec4 v0x559c97459170_0, 0, 1;
    %delay 25, 0;
    %load/vec4 v0x559c97459170_0;
    %inv;
    %store/vec4 v0x559c97459170_0, 0, 1;
    %end;
S_0x559c974bf500 .scope task, "press_button2" "press_button2" 2 105, 2 105 0, S_0x559c97493730;
 .timescale 0 0;
TD_testbench.press_button2 ;
    %delay 25, 0;
    %load/vec4 v0x559c974bfe60_0;
    %inv;
    %store/vec4 v0x559c974bfe60_0, 0, 1;
    %delay 25, 0;
    %load/vec4 v0x559c974bfe60_0;
    %inv;
    %store/vec4 v0x559c974bfe60_0, 0, 1;
    %end;
S_0x559c974bf690 .scope task, "press_button3" "press_button3" 2 112, 2 112 0, S_0x559c97493730;
 .timescale 0 0;
TD_testbench.press_button3 ;
    %delay 25, 0;
    %load/vec4 v0x559c974bff50_0;
    %inv;
    %store/vec4 v0x559c974bff50_0, 0, 1;
    %delay 25, 0;
    %load/vec4 v0x559c974bff50_0;
    %inv;
    %store/vec4 v0x559c974bff50_0, 0, 1;
    %end;
S_0x559c974bf870 .scope task, "press_button_reset" "press_button_reset" 2 91, 2 91 0, S_0x559c97493730;
 .timescale 0 0;
TD_testbench.press_button_reset ;
    %delay 25, 0;
    %load/vec4 v0x559c974c0040_0;
    %inv;
    %store/vec4 v0x559c974c0040_0, 0, 1;
    %delay 25, 0;
    %load/vec4 v0x559c974c0040_0;
    %inv;
    %store/vec4 v0x559c974c0040_0, 0, 1;
    %end;
S_0x559c974bfa50 .scope task, "reset_weight" "reset_weight" 2 71, 2 71 0, S_0x559c97493730;
 .timescale 0 0;
TD_testbench.reset_weight ;
    %delay 50, 0;
    %load/vec4 v0x559c974c0a80_0;
    %inv;
    %store/vec4 v0x559c974c0a80_0, 0, 1;
    %delay 50, 0;
    %load/vec4 v0x559c974c0a80_0;
    %inv;
    %store/vec4 v0x559c974c0a80_0, 0, 1;
    %end;
S_0x559c974bfc30 .scope task, "toggle_sos" "toggle_sos" 2 85, 2 85 0, S_0x559c97493730;
 .timescale 0 0;
TD_testbench.toggle_sos ;
    %delay 250, 0;
    %load/vec4 v0x559c974c08a0_0;
    %inv;
    %store/vec4 v0x559c974c08a0_0, 0, 1;
    %end;
    .scope S_0x559c974b3d70;
T_7 ;
    %pushi/vec4 0, 0, 1;
    %store/vec4 v0x559c974b4070_0, 0, 1;
    %pushi/vec4 0, 0, 32;
    %store/vec4 v0x559c974b4210_0, 0, 32;
    %end;
    .thread T_7;
    .scope S_0x559c974b3d70;
T_8 ;
    %wait E_0x559c9749f1c0;
    %load/vec4 v0x559c974b4210_0;
    %cmpi/u 50, 0, 32;
    %jmp/0xz  T_8.0, 5;
    %load/vec4 v0x559c974b4210_0;
    %addi 1, 0, 32;
    %assign/vec4 v0x559c974b4210_0, 0;
    %pushi/vec4 0, 0, 1;
    %assign/vec4 v0x559c974b4070_0, 0;
    %jmp T_8.1;
T_8.0 ;
    %pushi/vec4 0, 0, 32;
    %assign/vec4 v0x559c974b4210_0, 0;
    %load/vec4 v0x559c974b4070_0;
    %inv;
    %assign/vec4 v0x559c974b4070_0, 0;
T_8.1 ;
    %jmp T_8;
    .thread T_8;
    .scope S_0x559c974b72b0;
T_9 ;
    %pushi/vec4 0, 0, 32;
    %store/vec4 v0x559c974b7610_0, 0, 32;
    %end;
    .thread T_9;
    .scope S_0x559c974b72b0;
T_10 ;
    %wait E_0x559c974b5d70;
    %load/vec4 v0x559c974b7860_0;
    %inv;
    %flag_set/vec4 8;
    %jmp/0xz  T_10.0, 8;
    %load/vec4 v0x559c974b7610_0;
    %cmpi/u 2, 0, 32;
    %jmp/0xz  T_10.2, 5;
    %load/vec4 v0x559c974b7610_0;
    %addi 1, 0, 32;
    %assign/vec4 v0x559c974b7610_0, 0;
    %pushi/vec4 0, 0, 1;
    %assign/vec4 v0x559c974b76f0_0, 0;
    %jmp T_10.3;
T_10.2 ;
    %pushi/vec4 0, 0, 32;
    %assign/vec4 v0x559c974b7610_0, 0;
    %load/vec4 v0x559c974b76f0_0;
    %inv;
    %assign/vec4 v0x559c974b76f0_0, 0;
T_10.3 ;
T_10.0 ;
    %jmp T_10;
    .thread T_10;
    .scope S_0x559c974b79b0;
T_11 ;
    %pushi/vec4 0, 0, 26;
    %store/vec4 v0x559c974b7e10_0, 0, 26;
    %end;
    .thread T_11;
    .scope S_0x559c974b79b0;
T_12 ;
    %wait E_0x559c974b5d70;
    %load/vec4 v0x559c974b8200_0;
    %inv;
    %load/vec4 v0x559c974b7ef0_0;
    %load/vec4 v0x559c974b7ff0_0;
    %or;
    %load/vec4 v0x559c974b80c0_0;
    %or;
    %and;
    %flag_set/vec4 8;
    %jmp/0xz  T_12.0, 8;
    %pushi/vec4 0, 0, 26;
    %store/vec4 v0x559c974b7e10_0, 0, 26;
    %jmp T_12.1;
T_12.0 ;
    %load/vec4 v0x559c974b82f0_0;
    %inv;
    %load/vec4 v0x559c974b83e0_0;
    %inv;
    %and;
    %flag_set/vec4 8;
    %jmp/0xz  T_12.2, 8;
    %load/vec4 v0x559c974b7e10_0;
    %pad/u 32;
    %cmpi/u 5, 0, 32;
    %jmp/0xz  T_12.4, 5;
    %load/vec4 v0x559c974b7e10_0;
    %addi 1, 0, 26;
    %assign/vec4 v0x559c974b7e10_0, 0;
    %pushi/vec4 0, 0, 1;
    %assign/vec4 v0x559c974b8160_0, 0;
    %jmp T_12.5;
T_12.4 ;
    %pushi/vec4 0, 0, 26;
    %assign/vec4 v0x559c974b7e10_0, 0;
    %load/vec4 v0x559c974b8160_0;
    %inv;
    %assign/vec4 v0x559c974b8160_0, 0;
T_12.5 ;
T_12.2 ;
T_12.1 ;
    %jmp T_12;
    .thread T_12;
    .scope S_0x559c974b8ef0;
T_13 ;
    %pushi/vec4 0, 0, 2;
    %store/vec4 v0x559c974b9590_0, 0, 2;
    %end;
    .thread T_13;
    .scope S_0x559c974b8ef0;
T_14 ;
    %wait E_0x559c974b93f0;
    %load/vec4 v0x559c974b9990_0;
    %inv;
    %flag_set/vec4 8;
    %jmp/0xz  T_14.0, 8;
    %load/vec4 v0x559c974b9460_0;
    %dup/vec4;
    %pushi/vec4 0, 0, 2;
    %cmp/u;
    %jmp/1 T_14.2, 6;
    %dup/vec4;
    %pushi/vec4 1, 0, 2;
    %cmp/u;
    %jmp/1 T_14.3, 6;
    %dup/vec4;
    %pushi/vec4 2, 0, 2;
    %cmp/u;
    %jmp/1 T_14.4, 6;
    %pushi/vec4 0, 0, 2;
    %store/vec4 v0x559c974b9590_0, 0, 2;
    %jmp T_14.6;
T_14.2 ;
    %load/vec4 v0x559c974b9670_0;
    %load/vec4 v0x559c974b9760_0;
    %concat/vec4; draw_concat_vec4
    %load/vec4 v0x559c974b9850_0;
    %concat/vec4; draw_concat_vec4
    %dup/vec4;
    %pushi/vec4 1, 0, 3;
    %cmp/u;
    %jmp/1 T_14.7, 6;
    %dup/vec4;
    %pushi/vec4 2, 0, 3;
    %cmp/u;
    %jmp/1 T_14.8, 6;
    %dup/vec4;
    %pushi/vec4 3, 0, 3;
    %cmp/u;
    %jmp/1 T_14.9, 6;
    %pushi/vec4 0, 0, 2;
    %store/vec4 v0x559c974b9590_0, 0, 2;
    %jmp T_14.11;
T_14.7 ;
    %pushi/vec4 2, 0, 2;
    %store/vec4 v0x559c974b9590_0, 0, 2;
    %jmp T_14.11;
T_14.8 ;
    %pushi/vec4 1, 0, 2;
    %store/vec4 v0x559c974b9590_0, 0, 2;
    %jmp T_14.11;
T_14.9 ;
    %pushi/vec4 1, 0, 2;
    %store/vec4 v0x559c974b9590_0, 0, 2;
    %jmp T_14.11;
T_14.11 ;
    %pop/vec4 1;
    %jmp T_14.6;
T_14.3 ;
    %load/vec4 v0x559c974b9670_0;
    %load/vec4 v0x559c974b9760_0;
    %concat/vec4; draw_concat_vec4
    %load/vec4 v0x559c974b9850_0;
    %concat/vec4; draw_concat_vec4
    %dup/vec4;
    %pushi/vec4 1, 0, 3;
    %cmp/u;
    %jmp/1 T_14.12, 6;
    %dup/vec4;
    %pushi/vec4 4, 0, 3;
    %cmp/u;
    %jmp/1 T_14.13, 6;
    %dup/vec4;
    %pushi/vec4 5, 0, 3;
    %cmp/u;
    %jmp/1 T_14.14, 6;
    %pushi/vec4 1, 0, 2;
    %store/vec4 v0x559c974b9590_0, 0, 2;
    %jmp T_14.16;
T_14.12 ;
    %pushi/vec4 2, 0, 2;
    %store/vec4 v0x559c974b9590_0, 0, 2;
    %jmp T_14.16;
T_14.13 ;
    %pushi/vec4 0, 0, 2;
    %store/vec4 v0x559c974b9590_0, 0, 2;
    %jmp T_14.16;
T_14.14 ;
    %pushi/vec4 0, 0, 2;
    %store/vec4 v0x559c974b9590_0, 0, 2;
    %jmp T_14.16;
T_14.16 ;
    %pop/vec4 1;
    %jmp T_14.6;
T_14.4 ;
    %load/vec4 v0x559c974b9670_0;
    %load/vec4 v0x559c974b9760_0;
    %concat/vec4; draw_concat_vec4
    %load/vec4 v0x559c974b9850_0;
    %concat/vec4; draw_concat_vec4
    %dup/vec4;
    %pushi/vec4 2, 0, 3;
    %cmp/u;
    %jmp/1 T_14.17, 6;
    %dup/vec4;
    %pushi/vec4 4, 0, 3;
    %cmp/u;
    %jmp/1 T_14.18, 6;
    %dup/vec4;
    %pushi/vec4 6, 0, 3;
    %cmp/u;
    %jmp/1 T_14.19, 6;
    %pushi/vec4 2, 0, 2;
    %store/vec4 v0x559c974b9590_0, 0, 2;
    %jmp T_14.21;
T_14.17 ;
    %pushi/vec4 1, 0, 2;
    %store/vec4 v0x559c974b9590_0, 0, 2;
    %jmp T_14.21;
T_14.18 ;
    %pushi/vec4 0, 0, 2;
    %store/vec4 v0x559c974b9590_0, 0, 2;
    %jmp T_14.21;
T_14.19 ;
    %pushi/vec4 1, 0, 2;
    %store/vec4 v0x559c974b9590_0, 0, 2;
    %jmp T_14.21;
T_14.21 ;
    %pop/vec4 1;
    %jmp T_14.6;
T_14.6 ;
    %pop/vec4 1;
    %jmp T_14.1;
T_14.0 ;
    %load/vec4 v0x559c974b9590_0;
    %store/vec4 v0x559c974b9590_0, 0, 2;
T_14.1 ;
    %jmp T_14;
    .thread T_14, $push;
    .scope S_0x559c974b4d20;
T_15 ;
    %wait E_0x559c974b5230;
    %load/vec4 v0x559c974b5550_0;
    %flag_set/vec4 8;
    %jmp/0xz  T_15.0, 8;
    %pushi/vec4 0, 0, 1;
    %assign/vec4 v0x559c974b5780_0, 0;
    %jmp T_15.1;
T_15.0 ;
    %load/vec4 v0x559c974b5290_0;
    %flag_set/vec4 8;
    %jmp/0xz  T_15.2, 8;
    %pushi/vec4 1, 0, 1;
    %assign/vec4 v0x559c974b5780_0, 0;
    %jmp T_15.3;
T_15.2 ;
    %load/vec4 v0x559c974b5780_0;
    %load/vec4 v0x559c974b5960_0;
    %load/vec4 v0x559c974b56e0_0;
    %pushi/vec4 0, 0, 2;
    %cmp/ne;
    %flag_get/vec4 4;
    %or;
    %and;
    %flag_set/vec4 8;
    %jmp/0xz  T_15.4, 8;
    %pushi/vec4 1, 0, 1;
    %assign/vec4 v0x559c974b5780_0, 0;
    %jmp T_15.5;
T_15.4 ;
    %pushi/vec4 0, 0, 1;
    %assign/vec4 v0x559c974b5780_0, 0;
T_15.5 ;
T_15.3 ;
T_15.1 ;
    %jmp T_15;
    .thread T_15;
    .scope S_0x559c974b4d20;
T_16 ;
    %wait E_0x559c974b51d0;
    %load/vec4 v0x559c974b5550_0;
    %flag_set/vec4 8;
    %jmp/0xz  T_16.0, 8;
    %pushi/vec4 0, 0, 1;
    %assign/vec4 v0x559c974b5820_0, 0;
    %jmp T_16.1;
T_16.0 ;
    %load/vec4 v0x559c974b5380_0;
    %flag_set/vec4 8;
    %jmp/0xz  T_16.2, 8;
    %pushi/vec4 1, 0, 1;
    %assign/vec4 v0x559c974b5820_0, 0;
    %jmp T_16.3;
T_16.2 ;
    %load/vec4 v0x559c974b5820_0;
    %load/vec4 v0x559c974b5960_0;
    %load/vec4 v0x559c974b56e0_0;
    %pushi/vec4 1, 0, 2;
    %cmp/ne;
    %flag_get/vec4 4;
    %or;
    %and;
    %flag_set/vec4 8;
    %jmp/0xz  T_16.4, 8;
    %pushi/vec4 1, 0, 1;
    %assign/vec4 v0x559c974b5820_0, 0;
    %jmp T_16.5;
T_16.4 ;
    %pushi/vec4 0, 0, 1;
    %assign/vec4 v0x559c974b5820_0, 0;
T_16.5 ;
T_16.3 ;
T_16.1 ;
    %jmp T_16;
    .thread T_16;
    .scope S_0x559c974b4d20;
T_17 ;
    %wait E_0x559c974b5170;
    %load/vec4 v0x559c974b5550_0;
    %flag_set/vec4 8;
    %jmp/0xz  T_17.0, 8;
    %pushi/vec4 0, 0, 1;
    %assign/vec4 v0x559c974b58c0_0, 0;
    %jmp T_17.1;
T_17.0 ;
    %load/vec4 v0x559c974b5450_0;
    %flag_set/vec4 8;
    %jmp/0xz  T_17.2, 8;
    %pushi/vec4 1, 0, 1;
    %assign/vec4 v0x559c974b58c0_0, 0;
    %jmp T_17.3;
T_17.2 ;
    %load/vec4 v0x559c974b58c0_0;
    %load/vec4 v0x559c974b5960_0;
    %load/vec4 v0x559c974b56e0_0;
    %pushi/vec4 2, 0, 2;
    %cmp/ne;
    %flag_get/vec4 4;
    %or;
    %and;
    %flag_set/vec4 8;
    %jmp/0xz  T_17.4, 8;
    %pushi/vec4 1, 0, 1;
    %assign/vec4 v0x559c974b58c0_0, 0;
    %jmp T_17.5;
T_17.4 ;
    %pushi/vec4 0, 0, 1;
    %assign/vec4 v0x559c974b58c0_0, 0;
T_17.5 ;
T_17.3 ;
T_17.1 ;
    %jmp T_17;
    .thread T_17;
    .scope S_0x559c974b9b10;
T_18 ;
    %pushi/vec4 1, 0, 7;
    %store/vec4 v0x559c974b9ed0_0, 0, 7;
    %pushi/vec4 1, 0, 7;
    %store/vec4 v0x559c974ba540_0, 0, 7;
    %end;
    .thread T_18;
    .scope S_0x559c974b9b10;
T_19 ;
    %wait E_0x559c974b9310;
    %load/vec4 v0x559c974bab60_0;
    %load/vec4 v0x559c974bac00_0;
    %concat/vec4; draw_concat_vec4
    %load/vec4 v0x559c974bacf0_0;
    %concat/vec4; draw_concat_vec4
    %dup/vec4;
    %pushi/vec4 1, 0, 3;
    %cmp/u;
    %jmp/1 T_19.0, 6;
    %dup/vec4;
    %pushi/vec4 2, 0, 3;
    %cmp/u;
    %jmp/1 T_19.1, 6;
    %dup/vec4;
    %pushi/vec4 4, 0, 3;
    %cmp/u;
    %jmp/1 T_19.2, 6;
    %pushi/vec4 126, 0, 7;
    %assign/vec4 v0x559c974b9ed0_0, 0;
    %pushi/vec4 126, 0, 7;
    %assign/vec4 v0x559c974ba540_0, 0;
    %jmp T_19.4;
T_19.0 ;
    %pushi/vec4 126, 0, 7;
    %assign/vec4 v0x559c974b9ed0_0, 0;
    %pushi/vec4 121, 0, 7;
    %assign/vec4 v0x559c974ba540_0, 0;
    %jmp T_19.4;
T_19.1 ;
    %pushi/vec4 126, 0, 7;
    %assign/vec4 v0x559c974b9ed0_0, 0;
    %pushi/vec4 109, 0, 7;
    %assign/vec4 v0x559c974ba540_0, 0;
    %jmp T_19.4;
T_19.2 ;
    %pushi/vec4 126, 0, 7;
    %assign/vec4 v0x559c974b9ed0_0, 0;
    %pushi/vec4 48, 0, 7;
    %assign/vec4 v0x559c974ba540_0, 0;
    %jmp T_19.4;
T_19.4 ;
    %pop/vec4 1;
    %jmp T_19;
    .thread T_19;
    .scope S_0x559c974b4360;
T_20 ;
    %wait E_0x559c974b4c80;
    %load/vec4 v0x559c974bb310_0;
    %load/vec4 v0x559c974bcae0_0;
    %or;
    %flag_set/vec4 8;
    %jmp/0xz  T_20.0, 8;
    %pushi/vec4 0, 0, 1;
    %assign/vec4 v0x559c974bc620_0, 0;
    %jmp T_20.1;
T_20.0 ;
    %load/vec4 v0x559c974bc2a0_0;
    %load/vec4 v0x559c974bc020_0;
    %cmp/e;
    %flag_get/vec4 4;
    %inv;
    %assign/vec4 v0x559c974bc620_0, 0;
T_20.1 ;
    %jmp T_20;
    .thread T_20;
    .scope S_0x559c974b4360;
T_21 ;
    %wait E_0x559c974b4c20;
    %load/vec4 v0x559c974bc620_0;
    %assign/vec4 v0x559c974bc6c0_0, 0;
    %jmp T_21;
    .thread T_21;
    .scope S_0x559c974b4360;
T_22 ;
    %wait E_0x559c974b4bc0;
    %load/vec4 v0x559c974bb310_0;
    %flag_set/vec4 8;
    %jmp/0xz  T_22.0, 8;
    %pushi/vec4 0, 0, 2;
    %assign/vec4 v0x559c974bc020_0, 0;
    %jmp T_22.1;
T_22.0 ;
    %load/vec4 v0x559c974bc790_0;
    %assign/vec4 v0x559c974bc020_0, 0;
T_22.1 ;
    %jmp T_22;
    .thread T_22;
    .scope S_0x559c974b4360;
T_23 ;
    %wait E_0x559c9749e3c0;
    %load/vec4 v0x559c974bc2a0_0;
    %load/vec4 v0x559c974bc020_0;
    %cmp/e;
    %jmp/0xz  T_23.0, 4;
    %load/vec4 v0x559c974bc020_0;
    %store/vec4 v0x559c974bc790_0, 0, 2;
    %jmp T_23.1;
T_23.0 ;
    %load/vec4 v0x559c974bc2a0_0;
    %load/vec4 v0x559c974bc020_0;
    %sub;
    %cmpi/e 2, 0, 2;
    %jmp/0xz  T_23.2, 4;
    %pushi/vec4 1, 0, 2;
    %store/vec4 v0x559c974bc790_0, 0, 2;
    %jmp T_23.3;
T_23.2 ;
    %load/vec4 v0x559c974bc2a0_0;
    %store/vec4 v0x559c974bc790_0, 0, 2;
T_23.3 ;
T_23.1 ;
    %jmp T_23;
    .thread T_23, $push;
    .scope S_0x559c974b3020;
T_24 ;
    %pushi/vec4 0, 0, 32;
    %store/vec4 v0x559c974b32e0_0, 0, 32;
    %end;
    .thread T_24;
    .scope S_0x559c974b3020;
T_25 ;
    %wait E_0x559c9746ad20;
    %load/vec4 v0x559c974b3220_0;
    %flag_set/vec4 8;
    %jmp/0xz  T_25.0, 8;
    %pushi/vec4 0, 0, 32;
    %assign/vec4 v0x559c974b32e0_0, 0;
    %pushi/vec4 0, 0, 1;
    %assign/vec4 v0x559c974b3610_0, 0;
    %jmp T_25.1;
T_25.0 ;
    %load/vec4 v0x559c974b3500_0;
    %flag_set/vec4 8;
    %jmp/0xz  T_25.2, 8;
    %pushi/vec4 0, 0, 32;
    %assign/vec4 v0x559c974b32e0_0, 0;
    %pushi/vec4 0, 0, 1;
    %assign/vec4 v0x559c974b3610_0, 0;
    %jmp T_25.3;
T_25.2 ;
    %load/vec4 v0x559c974b33a0_0;
    %flag_set/vec4 8;
    %jmp/0xz  T_25.4, 8;
    %load/vec4 v0x559c974b32e0_0;
    %cmpi/e 5, 0, 32;
    %jmp/0xz  T_25.6, 4;
    %load/vec4 v0x559c974b32e0_0;
    %addi 1, 0, 32;
    %assign/vec4 v0x559c974b32e0_0, 0;
    %pushi/vec4 1, 0, 1;
    %assign/vec4 v0x559c974b3610_0, 0;
    %jmp T_25.7;
T_25.6 ;
    %load/vec4 v0x559c974b32e0_0;
    %cmpi/u 5, 0, 32;
    %jmp/0xz  T_25.8, 5;
    %load/vec4 v0x559c974b32e0_0;
    %addi 1, 0, 32;
    %assign/vec4 v0x559c974b32e0_0, 0;
    %jmp T_25.9;
T_25.8 ;
    %load/vec4 v0x559c974b32e0_0;
    %assign/vec4 v0x559c974b32e0_0, 0;
T_25.9 ;
T_25.7 ;
    %jmp T_25.5;
T_25.4 ;
    %load/vec4 v0x559c974b32e0_0;
    %assign/vec4 v0x559c974b32e0_0, 0;
T_25.5 ;
T_25.3 ;
T_25.1 ;
    %jmp T_25;
    .thread T_25;
    .scope S_0x559c97493730;
T_26 ;
    %pushi/vec4 0, 0, 32;
    %store/vec4 v0x559c974c0580_0, 0, 32;
    %end;
    .thread T_26;
    .scope S_0x559c97493730;
T_27 ;
    %delay 1, 0;
    %load/vec4 v0x559c974c0130_0;
    %inv;
    %assign/vec4 v0x559c974c0130_0, 0;
    %jmp T_27;
    .thread T_27;
    .scope S_0x559c97493730;
T_28 ;
    %delay 1, 0;
    %vpi_call 2 21 "$strobe", "led1:%b,led2:%b,led3:%b,floor1:%b,floor2:%b,floor3:%b,door:%b,sos_mode:%b,weight_limit_exceeded:%b", v0x559c974c0620_0, v0x559c974c06c0_0, v0x559c974c0760_0, v0x559c974c0310_0, v0x559c974c03b0_0, v0x559c974c0450_0, v0x559c974c0270_0, v0x559c974c0940_0, v0x559c974c0b20_0 {0 0 0};
    %jmp T_28;
    .thread T_28;
    .scope S_0x559c97493730;
T_29 ;
    %pushi/vec4 0, 0, 1;
    %store/vec4 v0x559c974c0130_0, 0, 1;
    %pushi/vec4 1, 0, 1;
    %store/vec4 v0x559c97459170_0, 0, 1;
    %pushi/vec4 1, 0, 1;
    %store/vec4 v0x559c974bfe60_0, 0, 1;
    %pushi/vec4 1, 0, 1;
    %store/vec4 v0x559c974bff50_0, 0, 1;
    %pushi/vec4 1, 0, 1;
    %store/vec4 v0x559c974c0040_0, 0, 1;
    %pushi/vec4 0, 0, 1;
    %store/vec4 v0x559c974c08a0_0, 0, 1;
    %pushi/vec4 0, 0, 1;
    %store/vec4 v0x559c974c09e0_0, 0, 1;
    %pushi/vec4 0, 0, 1;
    %store/vec4 v0x559c974c0a80_0, 0, 1;
    %delay 1, 0;
    %fork TD_testbench.press_button_reset, S_0x559c974bf870;
    %join;
    %delay 250, 0;
    %fork TD_testbench.press_button3, S_0x559c974bf690;
    %join;
    %delay 250, 0;
    %fork TD_testbench.press_button1, S_0x559c974bf370;
    %join;
    %delay 250, 0;
    %fork TD_testbench.press_button2, S_0x559c974bf500;
    %join;
    %end;
    .thread T_29;
# The file index is used to find the file name in the following table.
:file_names 17;
    "N/A";
    "<interactive>";
    "./modules/testbench.v";
    "././modules/design.v";
    "././modules/button_handler.v";
    "././modules/emergency.v";
    "././modules/sos.v";
    "././modules/weight.v";
    "././modules/frequency.v";
    "././modules/movement.v";
    "././modules/buttons.v";
    "././modules/door.v";
    "././modules/frequency_door.v";
    "././modules/frequency_move.v";
    "././modules/floor_types.v";
    "././modules/goal.v";
    "././modules/segments.v";
