#! /usr/local/bin/vvp
:ivl_version "13.0 (devel)" "(s20221226-533-g676b36e45)";
:ivl_delay_selection "TYPICAL";
:vpi_time_precision + 0;
:vpi_module "/usr/local/lib/ivl/system.vpi";
:vpi_module "/usr/local/lib/ivl/vhdl_sys.vpi";
:vpi_module "/usr/local/lib/ivl/vhdl_textio.vpi";
:vpi_module "/usr/local/lib/ivl/v2005_math.vpi";
:vpi_module "/usr/local/lib/ivl/va_math.vpi";
S_0x5efeedd1ff00 .scope module, "door_block_tb" "door_block_tb" 2 3;
 .timescale 0 0;
v0x5efeedd30200_0 .net "door_block", 0 0, v0x5efeedce7140_0;  1 drivers
v0x5efeedd302a0_0 .var "sos_mode", 0 0;
S_0x5efeedd20090 .scope module, "DB" "door_block" 2 7, 3 1 0, S_0x5efeedd1ff00;
 .timescale 0 0;
    .port_info 0 /INPUT 1 "sos_mode";
    .port_info 1 /OUTPUT 1 "door_block";
v0x5efeedce7140_0 .var "door_block", 0 0;
v0x5efeedd300e0_0 .net "sos_mode", 0 0, v0x5efeedd302a0_0;  1 drivers
E_0x5efeedce7990 .event anyedge, v0x5efeedd300e0_0;
    .scope S_0x5efeedd20090;
T_0 ;
    %pushi/vec4 1, 0, 1;
    %store/vec4 v0x5efeedce7140_0, 0, 1;
    %end;
    .thread T_0;
    .scope S_0x5efeedd20090;
T_1 ;
    %wait E_0x5efeedce7990;
    %load/vec4 v0x5efeedd300e0_0;
    %store/vec4 v0x5efeedce7140_0, 0, 1;
    %jmp T_1;
    .thread T_1, $push;
    .scope S_0x5efeedd1ff00;
T_2 ;
    %delay 1, 0;
    %load/vec4 v0x5efeedd302a0_0;
    %inv;
    %store/vec4 v0x5efeedd302a0_0, 0, 1;
    %jmp T_2;
    .thread T_2;
    .scope S_0x5efeedd1ff00;
T_3 ;
    %pushi/vec4 0, 0, 1;
    %store/vec4 v0x5efeedd302a0_0, 0, 1;
    %vpi_call 2 13 "$monitor", "door_block = %b, sos_mode = %b", v0x5efeedd30200_0, v0x5efeedd302a0_0 {0 0 0};
    %delay 10, 0;
    %vpi_call 2 14 "$finish" {0 0 0};
    %end;
    .thread T_3;
# The file index is used to find the file name in the following table.
:file_names 4;
    "N/A";
    "<interactive>";
    "./systems/emergency/doors_block/testbench.v";
    "./systems/emergency/doors_block/design.v";
