#! /usr/local/bin/vvp
:ivl_version "11.0 (stable)" "(v11_0-132-gb2f2414f4)";
:ivl_delay_selection "TYPICAL";
:vpi_time_precision + 0;
:vpi_module "/usr/local/lib/ivl/system.vpi";
:vpi_module "/usr/local/lib/ivl/vhdl_sys.vpi";
:vpi_module "/usr/local/lib/ivl/vhdl_textio.vpi";
:vpi_module "/usr/local/lib/ivl/v2005_math.vpi";
:vpi_module "/usr/local/lib/ivl/va_math.vpi";
S_0x563aa7daf200 .scope module, "weight_control_tb" "weight_control_tb" 2 3;
 .timescale 0 0;
o0x7f1cf5475018 .functor BUFZ 1, C4<z>; HiZ drive
v0x563aa7dbf3a0_0 .net "clk", 0 0, o0x7f1cf5475018;  0 drivers
o0x7f1cf5475078 .functor BUFZ 1, C4<z>; HiZ drive
v0x563aa7dbf460_0 .net "reset_weight_flip", 0 0, o0x7f1cf5475078;  0 drivers
o0x7f1cf54750a8 .functor BUFZ 1, C4<z>; HiZ drive
v0x563aa7dbf530_0 .net "weight_flip", 0 0, o0x7f1cf54750a8;  0 drivers
v0x563aa7dbf630_0 .net "weight_limit_exceeded", 0 0, v0x563aa7dbf210_0;  1 drivers
S_0x563aa7daf390 .scope module, "wc" "weight_control" 2 6, 3 1 0, S_0x563aa7daf200;
 .timescale 0 0;
    .port_info 0 /INPUT 1 "clk";
    .port_info 1 /INPUT 1 "weight_flip";
    .port_info 2 /INPUT 1 "reset_weight_flip";
    .port_info 3 /OUTPUT 1 "weight_limit_exceeded";
    .port_info 4 /NODIR 0 "";
v0x563aa7daf540_0 .net "clk", 0 0, o0x7f1cf5475018;  alias, 0 drivers
v0x563aa7dbefa0_0 .var "counter", 2 0;
v0x563aa7dbf080_0 .net "reset_weight_flip", 0 0, o0x7f1cf5475078;  alias, 0 drivers
v0x563aa7dbf150_0 .net "weight_flip", 0 0, o0x7f1cf54750a8;  alias, 0 drivers
v0x563aa7dbf210_0 .var "weight_limit_exceeded", 0 0;
E_0x563aa7d757a0 .event posedge, v0x563aa7dbf150_0;
E_0x563aa7dada80 .event posedge, v0x563aa7dbf080_0;
    .scope S_0x563aa7daf390;
T_0 ;
    %pushi/vec4 0, 0, 3;
    %store/vec4 v0x563aa7dbefa0_0, 0, 3;
    %end;
    .thread T_0;
    .scope S_0x563aa7daf390;
T_1 ;
    %wait E_0x563aa7dada80;
    %pushi/vec4 0, 0, 3;
    %assign/vec4 v0x563aa7dbefa0_0, 0;
    %pushi/vec4 0, 0, 1;
    %assign/vec4 v0x563aa7dbf210_0, 0;
    %jmp T_1;
    .thread T_1;
    .scope S_0x563aa7daf390;
T_2 ;
    %wait E_0x563aa7d757a0;
    %load/vec4 v0x563aa7dbefa0_0;
    %cmpi/u 5, 0, 3;
    %flag_or 5, 4;
    %jmp/0xz  T_2.0, 5;
    %load/vec4 v0x563aa7dbefa0_0;
    %addi 1, 0, 3;
    %assign/vec4 v0x563aa7dbefa0_0, 0;
    %jmp T_2.1;
T_2.0 ;
    %pushi/vec4 1, 0, 1;
    %assign/vec4 v0x563aa7dbf210_0, 0;
T_2.1 ;
    %jmp T_2;
    .thread T_2;
    .scope S_0x563aa7daf200;
T_3 ;
    %end;
    .thread T_3;
# The file index is used to find the file name in the following table.
:file_names 4;
    "N/A";
    "<interactive>";
    "systems/emergency/weigth_control/testbench.v";
    "././systems/emergency/weigth_control/design.v";
