Analysis & Synthesis report for design
Thu Aug 29 16:10:46 2024
Quartus Prime Version 23.1std.1 Build 993 05/14/2024 SC Lite Edition


---------------------
; Table of Contents ;
---------------------
  1. Legal Notice
  2. Analysis & Synthesis Summary
  3. Analysis & Synthesis Settings
  4. Parallel Compilation
  5. Analysis & Synthesis Messages



----------------
; Legal Notice ;
----------------
Copyright (C) 2024  Intel Corporation. All rights reserved.
Your use of Intel Corporation's design tools, logic functions 
and other software and tools, and any partner logic 
functions, and any output files from any of the foregoing 
(including device programming or simulation files), and any 
associated documentation or information are expressly subject 
to the terms and conditions of the Intel Program License 
Subscription Agreement, the Intel Quartus Prime License Agreement,
the Intel FPGA IP License Agreement, or other applicable license
agreement, including, without limitation, that your use is for
the sole purpose of programming logic devices manufactured by
Intel and sold by Intel or its authorized distributors.  Please
refer to the applicable agreement for further details, at
https://fpgasoftware.intel.com/eula.



+-------------------------------------------------------------------------------------+
; Analysis & Synthesis Summary                                                        ;
+------------------------------------+------------------------------------------------+
; Analysis & Synthesis Status        ; Failed - Thu Aug 29 16:10:46 2024              ;
; Quartus Prime Version              ; 23.1std.1 Build 993 05/14/2024 SC Lite Edition ;
; Revision Name                      ; design                                         ;
; Top-level Entity Name              ; TOP                                            ;
; Family                             ; Cyclone IV E                                   ;
; Total logic elements               ; N/A until Partition Merge                      ;
;     Total combinational functions  ; N/A until Partition Merge                      ;
;     Dedicated logic registers      ; N/A until Partition Merge                      ;
; Total registers                    ; N/A until Partition Merge                      ;
; Total pins                         ; N/A until Partition Merge                      ;
; Total virtual pins                 ; N/A until Partition Merge                      ;
; Total memory bits                  ; N/A until Partition Merge                      ;
; Embedded Multiplier 9-bit elements ; N/A until Partition Merge                      ;
; Total PLLs                         ; N/A until Partition Merge                      ;
+------------------------------------+------------------------------------------------+


+------------------------------------------------------------------------------------------------------------+
; Analysis & Synthesis Settings                                                                              ;
+------------------------------------------------------------------+--------------------+--------------------+
; Option                                                           ; Setting            ; Default Value      ;
+------------------------------------------------------------------+--------------------+--------------------+
; Device                                                           ; EP4CE115F29C8L     ;                    ;
; Top-level entity name                                            ; TOP                ; design             ;
; Family name                                                      ; Cyclone IV E       ; Cyclone V          ;
; Use smart compilation                                            ; Off                ; Off                ;
; Enable parallel Assembler and Timing Analyzer during compilation ; On                 ; On                 ;
; Enable compact report table                                      ; Off                ; Off                ;
; Restructure Multiplexers                                         ; Auto               ; Auto               ;
; Create Debugging Nodes for IP Cores                              ; Off                ; Off                ;
; Preserve fewer node names                                        ; On                 ; On                 ;
; Intel FPGA IP Evaluation Mode                                    ; Enable             ; Enable             ;
; Verilog Version                                                  ; Verilog_2001       ; Verilog_2001       ;
; VHDL Version                                                     ; VHDL_1993          ; VHDL_1993          ;
; State Machine Processing                                         ; Auto               ; Auto               ;
; Safe State Machine                                               ; Off                ; Off                ;
; Extract Verilog State Machines                                   ; On                 ; On                 ;
; Extract VHDL State Machines                                      ; On                 ; On                 ;
; Ignore Verilog initial constructs                                ; Off                ; Off                ;
; Iteration limit for constant Verilog loops                       ; 5000               ; 5000               ;
; Iteration limit for non-constant Verilog loops                   ; 250                ; 250                ;
; Add Pass-Through Logic to Inferred RAMs                          ; On                 ; On                 ;
; Infer RAMs from Raw Logic                                        ; On                 ; On                 ;
; Parallel Synthesis                                               ; On                 ; On                 ;
; DSP Block Balancing                                              ; Auto               ; Auto               ;
; NOT Gate Push-Back                                               ; On                 ; On                 ;
; Power-Up Don't Care                                              ; On                 ; On                 ;
; Remove Redundant Logic Cells                                     ; Off                ; Off                ;
; Remove Duplicate Registers                                       ; On                 ; On                 ;
; Ignore CARRY Buffers                                             ; Off                ; Off                ;
; Ignore CASCADE Buffers                                           ; Off                ; Off                ;
; Ignore GLOBAL Buffers                                            ; Off                ; Off                ;
; Ignore ROW GLOBAL Buffers                                        ; Off                ; Off                ;
; Ignore LCELL Buffers                                             ; Off                ; Off                ;
; Ignore SOFT Buffers                                              ; On                 ; On                 ;
; Limit AHDL Integers to 32 Bits                                   ; Off                ; Off                ;
; Optimization Technique                                           ; Balanced           ; Balanced           ;
; Carry Chain Length                                               ; 70                 ; 70                 ;
; Auto Carry Chains                                                ; On                 ; On                 ;
; Auto Open-Drain Pins                                             ; On                 ; On                 ;
; Perform WYSIWYG Primitive Resynthesis                            ; Off                ; Off                ;
; Auto ROM Replacement                                             ; On                 ; On                 ;
; Auto RAM Replacement                                             ; On                 ; On                 ;
; Auto DSP Block Replacement                                       ; On                 ; On                 ;
; Auto Shift Register Replacement                                  ; Auto               ; Auto               ;
; Allow Shift Register Merging across Hierarchies                  ; Auto               ; Auto               ;
; Auto Clock Enable Replacement                                    ; On                 ; On                 ;
; Strict RAM Replacement                                           ; Off                ; Off                ;
; Allow Synchronous Control Signals                                ; On                 ; On                 ;
; Force Use of Synchronous Clear Signals                           ; Off                ; Off                ;
; Auto RAM Block Balancing                                         ; On                 ; On                 ;
; Auto RAM to Logic Cell Conversion                                ; Off                ; Off                ;
; Auto Resource Sharing                                            ; Off                ; Off                ;
; Allow Any RAM Size For Recognition                               ; Off                ; Off                ;
; Allow Any ROM Size For Recognition                               ; Off                ; Off                ;
; Allow Any Shift Register Size For Recognition                    ; Off                ; Off                ;
; Use LogicLock Constraints during Resource Balancing              ; On                 ; On                 ;
; Ignore translate_off and synthesis_off directives                ; Off                ; Off                ;
; Timing-Driven Synthesis                                          ; On                 ; On                 ;
; Report Parameter Settings                                        ; On                 ; On                 ;
; Report Source Assignments                                        ; On                 ; On                 ;
; Report Connectivity Checks                                       ; On                 ; On                 ;
; Ignore Maximum Fan-Out Assignments                               ; Off                ; Off                ;
; Synchronization Register Chain Length                            ; 2                  ; 2                  ;
; Power Optimization During Synthesis                              ; Normal compilation ; Normal compilation ;
; HDL message level                                                ; Level2             ; Level2             ;
; Suppress Register Optimization Related Messages                  ; Off                ; Off                ;
; Number of Removed Registers Reported in Synthesis Report         ; 5000               ; 5000               ;
; Number of Swept Nodes Reported in Synthesis Report               ; 5000               ; 5000               ;
; Number of Inverted Registers Reported in Synthesis Report        ; 100                ; 100                ;
; Clock MUX Protection                                             ; On                 ; On                 ;
; Auto Gated Clock Conversion                                      ; Off                ; Off                ;
; Block Design Naming                                              ; Auto               ; Auto               ;
; SDC constraint protection                                        ; Off                ; Off                ;
; Synthesis Effort                                                 ; Auto               ; Auto               ;
; Shift Register Replacement - Allow Asynchronous Clear Signal     ; On                 ; On                 ;
; Pre-Mapping Resynthesis Optimization                             ; Off                ; Off                ;
; Analysis & Synthesis Message Level                               ; Medium             ; Medium             ;
; Disable Register Merging Across Hierarchies                      ; Auto               ; Auto               ;
; Resource Aware Inference For Block RAM                           ; On                 ; On                 ;
+------------------------------------------------------------------+--------------------+--------------------+


+------------------------------------------+
; Parallel Compilation                     ;
+----------------------------+-------------+
; Processors                 ; Number      ;
+----------------------------+-------------+
; Number detected on machine ; 16          ;
; Maximum allowed            ; 10          ;
;                            ;             ;
; Average used               ; 1.00        ;
; Maximum used               ; 1           ;
;                            ;             ;
; Usage by Processor         ; % Time Used ;
;     Processor 1            ; 100.0%      ;
+----------------------------+-------------+


+-------------------------------+
; Analysis & Synthesis Messages ;
+-------------------------------+
Info: *******************************************************************
Info: Running Quartus Prime Analysis & Synthesis
    Info: Version 23.1std.1 Build 993 05/14/2024 SC Lite Edition
    Info: Processing started: Thu Aug 29 16:10:40 2024
Info: Command: quartus_map --read_settings_files=on --write_settings_files=off semestral -c design
Warning (18236): Number of processors has not been specified which may cause overloading on shared machines.  Set the global assignment NUM_PARALLEL_PROCESSORS in your QSF to an appropriate value for best performance.
Info (20030): Parallel compilation is enabled and will use 10 of the 10 processors detected
Info (12021): Found 1 design units, including 1 entities, in source file /home/andreojr/dev/project-elevator-ed/weight_tb.v
    Info (12023): Found entity 1: weight_tb File: /home/andreojr/dev/project-elevator-ed/weight_tb.v Line: 1
Info (12021): Found 1 design units, including 1 entities, in source file /home/andreojr/dev/project-elevator-ed/weight.v
    Info (12023): Found entity 1: weight File: /home/andreojr/dev/project-elevator-ed/weight.v Line: 1
Info (12021): Found 1 design units, including 1 entities, in source file /home/andreojr/dev/project-elevator-ed/testbench.v
    Info (12023): Found entity 1: testbench File: /home/andreojr/dev/project-elevator-ed/testbench.v Line: 1
Info (12021): Found 1 design units, including 1 entities, in source file /home/andreojr/dev/project-elevator-ed/sos_tb.v
    Info (12023): Found entity 1: sos_handler_tb File: /home/andreojr/dev/project-elevator-ed/sos_tb.v Line: 2
Info (12021): Found 1 design units, including 1 entities, in source file /home/andreojr/dev/project-elevator-ed/sos.v
    Info (12023): Found entity 1: sos File: /home/andreojr/dev/project-elevator-ed/sos.v Line: 1
Info (12021): Found 1 design units, including 1 entities, in source file /home/andreojr/dev/project-elevator-ed/movement_tb.v
    Info (12023): Found entity 1: movement_tb File: /home/andreojr/dev/project-elevator-ed/movement_tb.v Line: 2
Info (12021): Found 1 design units, including 1 entities, in source file /home/andreojr/dev/project-elevator-ed/movement.v
    Info (12023): Found entity 1: movement File: /home/andreojr/dev/project-elevator-ed/movement.v Line: 1
Warning (12019): Can't analyze file -- file ../led_disable.v is missing
Info (12021): Found 1 design units, including 1 entities, in source file /home/andreojr/dev/project-elevator-ed/goal_tb.v
    Info (12023): Found entity 1: goal_tb File: /home/andreojr/dev/project-elevator-ed/goal_tb.v Line: 2
Info (12021): Found 1 design units, including 1 entities, in source file /home/andreojr/dev/project-elevator-ed/goal.v
    Info (12023): Found entity 1: goal File: /home/andreojr/dev/project-elevator-ed/goal.v Line: 1
Info (12021): Found 1 design units, including 1 entities, in source file /home/andreojr/dev/project-elevator-ed/frequency_tb.v
    Info (12023): Found entity 1: frequency_tb File: /home/andreojr/dev/project-elevator-ed/frequency_tb.v Line: 2
Info (12021): Found 1 design units, including 1 entities, in source file /home/andreojr/dev/project-elevator-ed/frequency_move.v
    Info (12023): Found entity 1: frequency_move File: /home/andreojr/dev/project-elevator-ed/frequency_move.v Line: 1
Info (12021): Found 1 design units, including 1 entities, in source file /home/andreojr/dev/project-elevator-ed/frequency_door.v
    Info (12023): Found entity 1: frequency_door File: /home/andreojr/dev/project-elevator-ed/frequency_door.v Line: 1
Info (12021): Found 1 design units, including 1 entities, in source file /home/andreojr/dev/project-elevator-ed/frequency.v
    Info (12023): Found entity 1: frequency File: /home/andreojr/dev/project-elevator-ed/frequency.v Line: 1
Info (12021): Found 1 design units, including 1 entities, in source file /home/andreojr/dev/project-elevator-ed/floor_types_tb.v
    Info (12023): Found entity 1: floor_types_tb File: /home/andreojr/dev/project-elevator-ed/floor_types_tb.v Line: 2
Info (12021): Found 1 design units, including 1 entities, in source file /home/andreojr/dev/project-elevator-ed/floor_types.v
    Info (12023): Found entity 1: floor_types File: /home/andreojr/dev/project-elevator-ed/floor_types.v Line: 1
Info (12021): Found 0 design units, including 0 entities, in source file /home/andreojr/dev/project-elevator-ed/emergency_tb.v
Info (12021): Found 1 design units, including 1 entities, in source file /home/andreojr/dev/project-elevator-ed/emergency.v
    Info (12023): Found entity 1: emergency File: /home/andreojr/dev/project-elevator-ed/emergency.v Line: 3
Info (12021): Found 1 design units, including 1 entities, in source file /home/andreojr/dev/project-elevator-ed/door_tb.v
    Info (12023): Found entity 1: door_tb File: /home/andreojr/dev/project-elevator-ed/door_tb.v Line: 2
Info (12021): Found 1 design units, including 1 entities, in source file /home/andreojr/dev/project-elevator-ed/door.v
    Info (12023): Found entity 1: door File: /home/andreojr/dev/project-elevator-ed/door.v Line: 1
Info (12021): Found 1 design units, including 1 entities, in source file /home/andreojr/dev/project-elevator-ed/design.v
    Info (12023): Found entity 1: TOP File: /home/andreojr/dev/project-elevator-ed/design.v Line: 1
Info (12021): Found 1 design units, including 1 entities, in source file /home/andreojr/dev/project-elevator-ed/delay_tb.v
    Info (12023): Found entity 1: delay_tb File: /home/andreojr/dev/project-elevator-ed/delay_tb.v Line: 1
Warning (10261): Verilog HDL Event Control warning at delay.v(9): Event Control contains a complex event expression File: /home/andreojr/dev/project-elevator-ed/delay.v Line: 9
Info (12021): Found 1 design units, including 1 entities, in source file /home/andreojr/dev/project-elevator-ed/delay.v
    Info (12023): Found entity 1: delay File: /home/andreojr/dev/project-elevator-ed/delay.v Line: 1
Info (12021): Found 1 design units, including 1 entities, in source file /home/andreojr/dev/project-elevator-ed/buttons_tb.v
    Info (12023): Found entity 1: buttons_tb File: /home/andreojr/dev/project-elevator-ed/buttons_tb.v Line: 2
Info (12021): Found 1 design units, including 1 entities, in source file /home/andreojr/dev/project-elevator-ed/buttons.v
    Info (12023): Found entity 1: buttons File: /home/andreojr/dev/project-elevator-ed/buttons.v Line: 1
Info (12127): Elaborating entity "TOP" for the top level hierarchy
Info (12128): Elaborating entity "frequency" for hierarchy "frequency:FREQUENCY" File: /home/andreojr/dev/project-elevator-ed/design.v Line: 26
Warning (10230): Verilog HDL assignment warning at frequency.v(9): truncated value with size 32 to match size of target (26) File: /home/andreojr/dev/project-elevator-ed/frequency.v Line: 9
Info (12128): Elaborating entity "movement" for hierarchy "movement:MOVEMENT" File: /home/andreojr/dev/project-elevator-ed/design.v Line: 27
Warning (10030): Net "sos_mode" at movement.v(3) has no driver or initial value, using a default initial value '0' File: /home/andreojr/dev/project-elevator-ed/movement.v Line: 3
Info (12128): Elaborating entity "frequency_door" for hierarchy "movement:MOVEMENT|frequency_door:FD" File: /home/andreojr/dev/project-elevator-ed/movement.v Line: 16
Warning (10230): Verilog HDL assignment warning at frequency_door.v(14): truncated value with size 32 to match size of target (26) File: /home/andreojr/dev/project-elevator-ed/frequency_door.v Line: 14
Error (10028): Can't resolve multiple constant drivers for net "counter[25]" at frequency_door.v(11) File: /home/andreojr/dev/project-elevator-ed/frequency_door.v Line: 11
Error (10029): Constant driver at frequency_door.v(7) File: /home/andreojr/dev/project-elevator-ed/frequency_door.v Line: 7
Error (10028): Can't resolve multiple constant drivers for net "counter[24]" at frequency_door.v(11) File: /home/andreojr/dev/project-elevator-ed/frequency_door.v Line: 11
Error (10028): Can't resolve multiple constant drivers for net "counter[23]" at frequency_door.v(11) File: /home/andreojr/dev/project-elevator-ed/frequency_door.v Line: 11
Error (10028): Can't resolve multiple constant drivers for net "counter[22]" at frequency_door.v(11) File: /home/andreojr/dev/project-elevator-ed/frequency_door.v Line: 11
Error (10028): Can't resolve multiple constant drivers for net "counter[21]" at frequency_door.v(11) File: /home/andreojr/dev/project-elevator-ed/frequency_door.v Line: 11
Error (10028): Can't resolve multiple constant drivers for net "counter[20]" at frequency_door.v(11) File: /home/andreojr/dev/project-elevator-ed/frequency_door.v Line: 11
Error (10028): Can't resolve multiple constant drivers for net "counter[19]" at frequency_door.v(11) File: /home/andreojr/dev/project-elevator-ed/frequency_door.v Line: 11
Error (10028): Can't resolve multiple constant drivers for net "counter[18]" at frequency_door.v(11) File: /home/andreojr/dev/project-elevator-ed/frequency_door.v Line: 11
Error (10028): Can't resolve multiple constant drivers for net "counter[17]" at frequency_door.v(11) File: /home/andreojr/dev/project-elevator-ed/frequency_door.v Line: 11
Error (10028): Can't resolve multiple constant drivers for net "counter[16]" at frequency_door.v(11) File: /home/andreojr/dev/project-elevator-ed/frequency_door.v Line: 11
Error (10028): Can't resolve multiple constant drivers for net "counter[15]" at frequency_door.v(11) File: /home/andreojr/dev/project-elevator-ed/frequency_door.v Line: 11
Error (10028): Can't resolve multiple constant drivers for net "counter[14]" at frequency_door.v(11) File: /home/andreojr/dev/project-elevator-ed/frequency_door.v Line: 11
Error (10028): Can't resolve multiple constant drivers for net "counter[13]" at frequency_door.v(11) File: /home/andreojr/dev/project-elevator-ed/frequency_door.v Line: 11
Error (10028): Can't resolve multiple constant drivers for net "counter[12]" at frequency_door.v(11) File: /home/andreojr/dev/project-elevator-ed/frequency_door.v Line: 11
Error (10028): Can't resolve multiple constant drivers for net "counter[11]" at frequency_door.v(11) File: /home/andreojr/dev/project-elevator-ed/frequency_door.v Line: 11
Error (10028): Can't resolve multiple constant drivers for net "counter[10]" at frequency_door.v(11) File: /home/andreojr/dev/project-elevator-ed/frequency_door.v Line: 11
Error (10028): Can't resolve multiple constant drivers for net "counter[9]" at frequency_door.v(11) File: /home/andreojr/dev/project-elevator-ed/frequency_door.v Line: 11
Error (10028): Can't resolve multiple constant drivers for net "counter[8]" at frequency_door.v(11) File: /home/andreojr/dev/project-elevator-ed/frequency_door.v Line: 11
Error (12152): Can't elaborate user hierarchy "movement:MOVEMENT|frequency_door:FD" File: /home/andreojr/dev/project-elevator-ed/movement.v Line: 16
Error: Quartus Prime Analysis & Synthesis was unsuccessful. 20 errors, 6 warnings
    Error: Peak virtual memory: 326 megabytes
    Error: Processing ended: Thu Aug 29 16:10:46 2024
    Error: Elapsed time: 00:00:06
    Error: Total CPU time (on all processors): 00:00:23


