#! /usr/local/bin/vvp
:ivl_version "13.0 (devel)" "(s20221226-533-g676b36e45)";
:ivl_delay_selection "TYPICAL";
:vpi_time_precision + 0;
:vpi_module "/usr/local/lib/ivl/system.vpi";
:vpi_module "/usr/local/lib/ivl/vhdl_sys.vpi";
:vpi_module "/usr/local/lib/ivl/vhdl_textio.vpi";
:vpi_module "/usr/local/lib/ivl/v2005_math.vpi";
:vpi_module "/usr/local/lib/ivl/va_math.vpi";
S_0x5e4f81061710 .scope module, "test" "test" 2 3;
 .timescale 0 0;
P_0x5e4f810618a0 .param/l "clk_frequency" 0 2 8, +C4<00000000000000000000000111110100>;
v0x5e4f81072a90_0 .net "clk", 0 0, v0x5e4f81027140_0;  1 drivers
v0x5e4f81072b60_0 .var "clk50", 0 0;
S_0x5e4f81061940 .scope module, "FD" "frequency_divisor" 2 10, 3 1 0, S_0x5e4f81061710;
 .timescale 0 0;
    .port_info 0 /INPUT 1 "clk_50";
    .port_info 1 /OUTPUT 1 "clk";
P_0x5e4f81061b20 .param/l "clk_frequency" 0 3 1, +C4<00000000000000000000000111110100>;
v0x5e4f81027140_0 .var "clk", 0 0;
v0x5e4f81072880_0 .net "clk_50", 0 0, v0x5e4f81072b60_0;  1 drivers
v0x5e4f81072940_0 .var "counter", 25 0;
E_0x5e4f81027920 .event posedge, v0x5e4f81072880_0;
    .scope S_0x5e4f81061940;
T_0 ;
    %pushi/vec4 0, 0, 1;
    %store/vec4 v0x5e4f81027140_0, 0, 1;
    %pushi/vec4 0, 0, 26;
    %store/vec4 v0x5e4f81072940_0, 0, 26;
    %end;
    .thread T_0;
    .scope S_0x5e4f81061940;
T_1 ;
    %wait E_0x5e4f81027920;
    %load/vec4 v0x5e4f81072940_0;
    %pad/u 32;
    %cmpi/u 500, 0, 32;
    %jmp/0xz  T_1.0, 5;
    %load/vec4 v0x5e4f81072940_0;
    %addi 1, 0, 26;
    %assign/vec4 v0x5e4f81072940_0, 0;
    %pushi/vec4 0, 0, 1;
    %assign/vec4 v0x5e4f81027140_0, 0;
    %jmp T_1.1;
T_1.0 ;
    %pushi/vec4 0, 0, 26;
    %assign/vec4 v0x5e4f81072940_0, 0;
    %load/vec4 v0x5e4f81027140_0;
    %inv;
    %assign/vec4 v0x5e4f81027140_0, 0;
T_1.1 ;
    %jmp T_1;
    .thread T_1;
    .scope S_0x5e4f81061710;
T_2 ;
    %delay 1, 0;
    %load/vec4 v0x5e4f81072b60_0;
    %inv;
    %store/vec4 v0x5e4f81072b60_0, 0, 1;
    %jmp T_2;
    .thread T_2;
    .scope S_0x5e4f81061710;
T_3 ;
    %pushi/vec4 0, 0, 1;
    %store/vec4 v0x5e4f81072b60_0, 0, 1;
    %vpi_call 2 16 "$monitor", "clk: %b", v0x5e4f81072a90_0 {0 0 0};
    %delay 5000, 0;
    %vpi_call 2 17 "$finish" {0 0 0};
    %end;
    .thread T_3;
# The file index is used to find the file name in the following table.
:file_names 4;
    "N/A";
    "<interactive>";
    "frequency_divisor/testbench.v";
    "././frequency_divisor/design.v";
