Analysis & Synthesis report for TOP
Fri Aug 30 20:24:58 2024
Quartus Prime Version 23.1std.1 Build 993 05/14/2024 SC Lite Edition


---------------------
; Table of Contents ;
---------------------
  1. Legal Notice
  2. Analysis & Synthesis Summary
  3. Analysis & Synthesis Settings
  4. Parallel Compilation
  5. Analysis & Synthesis Source Files Read
  6. Analysis & Synthesis Resource Usage Summary
  7. Analysis & Synthesis Resource Utilization by Entity
  8. User-Specified and Inferred Latches
  9. General Register Statistics
 10. Multiplexer Restructuring Statistics (Restructuring Performed)
 11. Parameter Settings for User Entity Instance: Top-level Entity: |TOP
 12. Parameter Settings for User Entity Instance: frequency:FREQUENCY
 13. Parameter Settings for User Entity Instance: movement:MOVEMENT
 14. Parameter Settings for User Entity Instance: movement:MOVEMENT|frequency_door:FD
 15. Parameter Settings for User Entity Instance: movement:MOVEMENT|frequency_move:FM
 16. Parameter Settings for User Entity Instance: movement:MOVEMENT|floor_types:FT
 17. Parameter Settings for User Entity Instance: movement:MOVEMENT|goal:GOAL
 18. Parameter Settings for User Entity Instance: movement:MOVEMENT|buttons:BT
 19. Port Connectivity Checks: "movement:MOVEMENT|frequency_door:FD"
 20. Post-Synthesis Netlist Statistics for Top Partition
 21. Elapsed Time Per Partition
 22. Analysis & Synthesis Messages
 23. Analysis & Synthesis Suppressed Messages



----------------
; Legal Notice ;
----------------
Copyright (C) 2024  Intel Corporation. All rights reserved.
Your use of Intel Corporation's design tools, logic functions 
and other software and tools, and any partner logic 
functions, and any output files from any of the foregoing 
(including device programming or simulation files), and any 
associated documentation or information are expressly subject 
to the terms and conditions of the Intel Program License 
Subscription Agreement, the Intel Quartus Prime License Agreement,
the Intel FPGA IP License Agreement, or other applicable license
agreement, including, without limitation, that your use is for
the sole purpose of programming logic devices manufactured by
Intel and sold by Intel or its authorized distributors.  Please
refer to the applicable agreement for further details, at
https://fpgasoftware.intel.com/eula.



+-------------------------------------------------------------------------------------+
; Analysis & Synthesis Summary                                                        ;
+------------------------------------+------------------------------------------------+
; Analysis & Synthesis Status        ; Successful - Fri Aug 30 20:24:57 2024          ;
; Quartus Prime Version              ; 23.1std.1 Build 993 05/14/2024 SC Lite Edition ;
; Revision Name                      ; TOP                                            ;
; Top-level Entity Name              ; TOP                                            ;
; Family                             ; Cyclone IV E                                   ;
; Total logic elements               ; 156                                            ;
;     Total combinational functions  ; 156                                            ;
;     Dedicated logic registers      ; 98                                             ;
; Total registers                    ; 98                                             ;
; Total pins                         ; 18                                             ;
; Total virtual pins                 ; 0                                              ;
; Total memory bits                  ; 0                                              ;
; Embedded Multiplier 9-bit elements ; 0                                              ;
; Total PLLs                         ; 0                                              ;
+------------------------------------+------------------------------------------------+


+------------------------------------------------------------------------------------------------------------+
; Analysis & Synthesis Settings                                                                              ;
+------------------------------------------------------------------+--------------------+--------------------+
; Option                                                           ; Setting            ; Default Value      ;
+------------------------------------------------------------------+--------------------+--------------------+
; Device                                                           ; EP4CE115F29C7      ;                    ;
; Top-level entity name                                            ; TOP                ; TOP                ;
; Family name                                                      ; Cyclone IV E       ; Cyclone V          ;
; Type of Retiming Performed During Resynthesis                    ; Full               ;                    ;
; Resynthesis Optimization Effort                                  ; Normal             ;                    ;
; Physical Synthesis Level for Resynthesis                         ; Normal             ;                    ;
; Use Generated Physical Constraints File                          ; On                 ;                    ;
; Use smart compilation                                            ; Off                ; Off                ;
; Enable parallel Assembler and Timing Analyzer during compilation ; On                 ; On                 ;
; Enable compact report table                                      ; Off                ; Off                ;
; Restructure Multiplexers                                         ; Auto               ; Auto               ;
; Create Debugging Nodes for IP Cores                              ; Off                ; Off                ;
; Preserve fewer node names                                        ; On                 ; On                 ;
; Intel FPGA IP Evaluation Mode                                    ; Enable             ; Enable             ;
; Verilog Version                                                  ; Verilog_2001       ; Verilog_2001       ;
; VHDL Version                                                     ; VHDL_1993          ; VHDL_1993          ;
; State Machine Processing                                         ; Auto               ; Auto               ;
; Safe State Machine                                               ; Off                ; Off                ;
; Extract Verilog State Machines                                   ; On                 ; On                 ;
; Extract VHDL State Machines                                      ; On                 ; On                 ;
; Ignore Verilog initial constructs                                ; Off                ; Off                ;
; Iteration limit for constant Verilog loops                       ; 5000               ; 5000               ;
; Iteration limit for non-constant Verilog loops                   ; 250                ; 250                ;
; Add Pass-Through Logic to Inferred RAMs                          ; On                 ; On                 ;
; Infer RAMs from Raw Logic                                        ; On                 ; On                 ;
; Parallel Synthesis                                               ; On                 ; On                 ;
; DSP Block Balancing                                              ; Auto               ; Auto               ;
; NOT Gate Push-Back                                               ; On                 ; On                 ;
; Power-Up Don't Care                                              ; On                 ; On                 ;
; Remove Redundant Logic Cells                                     ; Off                ; Off                ;
; Remove Duplicate Registers                                       ; On                 ; On                 ;
; Ignore CARRY Buffers                                             ; Off                ; Off                ;
; Ignore CASCADE Buffers                                           ; Off                ; Off                ;
; Ignore GLOBAL Buffers                                            ; Off                ; Off                ;
; Ignore ROW GLOBAL Buffers                                        ; Off                ; Off                ;
; Ignore LCELL Buffers                                             ; Off                ; Off                ;
; Ignore SOFT Buffers                                              ; On                 ; On                 ;
; Limit AHDL Integers to 32 Bits                                   ; Off                ; Off                ;
; Optimization Technique                                           ; Balanced           ; Balanced           ;
; Carry Chain Length                                               ; 70                 ; 70                 ;
; Auto Carry Chains                                                ; On                 ; On                 ;
; Auto Open-Drain Pins                                             ; On                 ; On                 ;
; Perform WYSIWYG Primitive Resynthesis                            ; Off                ; Off                ;
; Auto ROM Replacement                                             ; On                 ; On                 ;
; Auto RAM Replacement                                             ; On                 ; On                 ;
; Auto DSP Block Replacement                                       ; On                 ; On                 ;
; Auto Shift Register Replacement                                  ; Auto               ; Auto               ;
; Allow Shift Register Merging across Hierarchies                  ; Auto               ; Auto               ;
; Auto Clock Enable Replacement                                    ; On                 ; On                 ;
; Strict RAM Replacement                                           ; Off                ; Off                ;
; Allow Synchronous Control Signals                                ; On                 ; On                 ;
; Force Use of Synchronous Clear Signals                           ; Off                ; Off                ;
; Auto RAM Block Balancing                                         ; On                 ; On                 ;
; Auto RAM to Logic Cell Conversion                                ; Off                ; Off                ;
; Auto Resource Sharing                                            ; Off                ; Off                ;
; Allow Any RAM Size For Recognition                               ; Off                ; Off                ;
; Allow Any ROM Size For Recognition                               ; Off                ; Off                ;
; Allow Any Shift Register Size For Recognition                    ; Off                ; Off                ;
; Use LogicLock Constraints during Resource Balancing              ; On                 ; On                 ;
; Ignore translate_off and synthesis_off directives                ; Off                ; Off                ;
; Timing-Driven Synthesis                                          ; On                 ; On                 ;
; Report Parameter Settings                                        ; On                 ; On                 ;
; Report Source Assignments                                        ; On                 ; On                 ;
; Report Connectivity Checks                                       ; On                 ; On                 ;
; Ignore Maximum Fan-Out Assignments                               ; Off                ; Off                ;
; Synchronization Register Chain Length                            ; 2                  ; 2                  ;
; Power Optimization During Synthesis                              ; Normal compilation ; Normal compilation ;
; HDL message level                                                ; Level2             ; Level2             ;
; Suppress Register Optimization Related Messages                  ; Off                ; Off                ;
; Number of Removed Registers Reported in Synthesis Report         ; 5000               ; 5000               ;
; Number of Swept Nodes Reported in Synthesis Report               ; 5000               ; 5000               ;
; Number of Inverted Registers Reported in Synthesis Report        ; 100                ; 100                ;
; Clock MUX Protection                                             ; On                 ; On                 ;
; Auto Gated Clock Conversion                                      ; Off                ; Off                ;
; Block Design Naming                                              ; Auto               ; Auto               ;
; SDC constraint protection                                        ; Off                ; Off                ;
; Synthesis Effort                                                 ; Auto               ; Auto               ;
; Shift Register Replacement - Allow Asynchronous Clear Signal     ; On                 ; On                 ;
; Pre-Mapping Resynthesis Optimization                             ; Off                ; Off                ;
; Analysis & Synthesis Message Level                               ; Medium             ; Medium             ;
; Disable Register Merging Across Hierarchies                      ; Auto               ; Auto               ;
; Resource Aware Inference For Block RAM                           ; On                 ; On                 ;
+------------------------------------------------------------------+--------------------+--------------------+


+------------------------------------------+
; Parallel Compilation                     ;
+----------------------------+-------------+
; Processors                 ; Number      ;
+----------------------------+-------------+
; Number detected on machine ; 16          ;
; Maximum allowed            ; 10          ;
;                            ;             ;
; Average used               ; 1.00        ;
; Maximum used               ; 10          ;
;                            ;             ;
; Usage by Processor         ; % Time Used ;
;     Processor 1            ; 100.0%      ;
;     Processors 2-10        ;   0.0%      ;
+----------------------------+-------------+


+--------------------------------------------------------------------------------------------------------------------------------------------+
; Analysis & Synthesis Source Files Read                                                                                                     ;
+----------------------------------+-----------------+------------------------------+----------------------------------------------+---------+
; File Name with User-Entered Path ; Used in Netlist ; File Type                    ; File Name with Absolute Path                 ; Library ;
+----------------------------------+-----------------+------------------------------+----------------------------------------------+---------+
; design.v                         ; yes             ; User Verilog HDL File        ; /home/andreojr/dev/elevator/design.v         ;         ;
; frequency.v                      ; yes             ; Auto-Found Verilog HDL File  ; /home/andreojr/dev/elevator/frequency.v      ;         ;
; button_handler.v                 ; yes             ; Auto-Found Verilog HDL File  ; /home/andreojr/dev/elevator/button_handler.v ;         ;
; movement.v                       ; yes             ; Auto-Found Verilog HDL File  ; /home/andreojr/dev/elevator/movement.v       ;         ;
; frequency_door.v                 ; yes             ; Auto-Found Verilog HDL File  ; /home/andreojr/dev/elevator/frequency_door.v ;         ;
; frequency_move.v                 ; yes             ; Auto-Found Verilog HDL File  ; /home/andreojr/dev/elevator/frequency_move.v ;         ;
; floor_types.v                    ; yes             ; Auto-Found Verilog HDL File  ; /home/andreojr/dev/elevator/floor_types.v    ;         ;
; door.v                           ; yes             ; Auto-Found Verilog HDL File  ; /home/andreojr/dev/elevator/door.v           ;         ;
; goal.v                           ; yes             ; Auto-Found Verilog HDL File  ; /home/andreojr/dev/elevator/goal.v           ;         ;
; buttons.v                        ; yes             ; Auto-Found Verilog HDL File  ; /home/andreojr/dev/elevator/buttons.v        ;         ;
; emergency.v                      ; yes             ; Auto-Found Verilog HDL File  ; /home/andreojr/dev/elevator/emergency.v      ;         ;
; sos.v                            ; yes             ; Auto-Found Verilog HDL File  ; /home/andreojr/dev/elevator/sos.v            ;         ;
; weight.v                         ; yes             ; Auto-Found Verilog HDL File  ; /home/andreojr/dev/elevator/weight.v         ;         ;
+----------------------------------+-----------------+------------------------------+----------------------------------------------+---------+


+---------------------------------------------------------------------------------------------------------+
; Analysis & Synthesis Resource Usage Summary                                                             ;
+---------------------------------------------+-----------------------------------------------------------+
; Resource                                    ; Usage                                                     ;
+---------------------------------------------+-----------------------------------------------------------+
; Estimated Total logic elements              ; 156                                                       ;
;                                             ;                                                           ;
; Total combinational functions               ; 156                                                       ;
; Logic element usage by number of LUT inputs ;                                                           ;
;     -- 4 input functions                    ; 44                                                        ;
;     -- 3 input functions                    ; 11                                                        ;
;     -- <=2 input functions                  ; 101                                                       ;
;                                             ;                                                           ;
; Logic elements by mode                      ;                                                           ;
;     -- normal mode                          ; 69                                                        ;
;     -- arithmetic mode                      ; 87                                                        ;
;                                             ;                                                           ;
; Total registers                             ; 98                                                        ;
;     -- Dedicated logic registers            ; 98                                                        ;
;     -- I/O registers                        ; 0                                                         ;
;                                             ;                                                           ;
; I/O pins                                    ; 18                                                        ;
;                                             ;                                                           ;
; Embedded Multiplier 9-bit elements          ; 0                                                         ;
;                                             ;                                                           ;
; Maximum fan-out node                        ; emergency:EMERGENCY|weight:WEIGHT|weight_limit_exceeded~1 ;
; Maximum fan-out                             ; 33                                                        ;
; Total fan-out                               ; 786                                                       ;
; Average fan-out                             ; 2.71                                                      ;
+---------------------------------------------+-----------------------------------------------------------+


+----------------------------------------------------------------------------------------------------------------------------------------------------------------------------------------------------------------------------------+
; Analysis & Synthesis Resource Utilization by Entity                                                                                                                                                                              ;
+----------------------------+---------------------+---------------------------+-------------+--------------+---------+-----------+------+--------------+------------------------------------------+----------------+--------------+
; Compilation Hierarchy Node ; Combinational ALUTs ; Dedicated Logic Registers ; Memory Bits ; DSP Elements ; DSP 9x9 ; DSP 18x18 ; Pins ; Virtual Pins ; Full Hierarchy Name                      ; Entity Name    ; Library Name ;
+----------------------------+---------------------+---------------------------+-------------+--------------+---------+-----------+------+--------------+------------------------------------------+----------------+--------------+
; |TOP                       ; 156 (0)             ; 98 (0)                    ; 0           ; 0            ; 0       ; 0         ; 18   ; 0            ; |TOP                                     ; TOP            ; work         ;
;    |emergency:EMERGENCY|   ; 46 (0)              ; 33 (0)                    ; 0           ; 0            ; 0       ; 0         ; 0    ; 0            ; |TOP|emergency:EMERGENCY                 ; emergency      ; work         ;
;       |weight:WEIGHT|      ; 46 (46)             ; 33 (33)                   ; 0           ; 0            ; 0       ; 0         ; 0    ; 0            ; |TOP|emergency:EMERGENCY|weight:WEIGHT   ; weight         ; work         ;
;    |frequency:FREQUENCY|   ; 43 (43)             ; 33 (33)                   ; 0           ; 0            ; 0       ; 0         ; 0    ; 0            ; |TOP|frequency:FREQUENCY                 ; frequency      ; work         ;
;    |movement:MOVEMENT|     ; 67 (3)              ; 32 (2)                    ; 0           ; 0            ; 0       ; 0         ; 0    ; 0            ; |TOP|movement:MOVEMENT                   ; movement       ; work         ;
;       |buttons:BT|         ; 15 (15)             ; 3 (3)                     ; 0           ; 0            ; 0       ; 0         ; 0    ; 0            ; |TOP|movement:MOVEMENT|buttons:BT        ; buttons        ; work         ;
;       |door:DOOR|          ; 1 (1)               ; 0 (0)                     ; 0           ; 0            ; 0       ; 0         ; 0    ; 0            ; |TOP|movement:MOVEMENT|door:DOOR         ; door           ; work         ;
;       |frequency_move:FM|  ; 42 (42)             ; 27 (27)                   ; 0           ; 0            ; 0       ; 0         ; 0    ; 0            ; |TOP|movement:MOVEMENT|frequency_move:FM ; frequency_move ; work         ;
;       |goal:GOAL|          ; 6 (6)               ; 0 (0)                     ; 0           ; 0            ; 0       ; 0         ; 0    ; 0            ; |TOP|movement:MOVEMENT|goal:GOAL         ; goal           ; work         ;
+----------------------------+---------------------+---------------------------+-------------+--------------+---------+-----------+------+--------------+------------------------------------------+----------------+--------------+
Note: For table entries with two numbers listed, the numbers in parentheses indicate the number of resources of the given type used by the specific entity alone. The numbers listed outside of parentheses indicate the total resources of the given type used by the specific entity and all of its sub-entities in the hierarchy.


+--------------------------------------------------------------------------------------------------------+
; User-Specified and Inferred Latches                                                                    ;
+----------------------------------------------------+--------------------------+------------------------+
; Latch Name                                         ; Latch Enable Signal      ; Free of Timing Hazards ;
+----------------------------------------------------+--------------------------+------------------------+
; movement:MOVEMENT|goal:GOAL|gf[0]                  ; movement:MOVEMENT|Equal0 ; yes                    ;
; movement:MOVEMENT|goal:GOAL|gf[1]                  ; movement:MOVEMENT|Equal0 ; yes                    ;
; Number of user-specified and inferred latches = 2  ;                          ;                        ;
+----------------------------------------------------+--------------------------+------------------------+
Note: All latches listed above may not be present at the end of synthesis due to various synthesis optimizations.


+------------------------------------------------------+
; General Register Statistics                          ;
+----------------------------------------------+-------+
; Statistic                                    ; Value ;
+----------------------------------------------+-------+
; Total registers                              ; 98    ;
; Number of registers using Synchronous Clear  ; 58    ;
; Number of registers using Synchronous Load   ; 0     ;
; Number of registers using Asynchronous Clear ; 38    ;
; Number of registers using Asynchronous Load  ; 0     ;
; Number of registers using Clock Enable       ; 58    ;
; Number of registers using Preset             ; 0     ;
+----------------------------------------------+-------+


+-------------------------------------------------------------------------------------------------------------------------------------------------------------------+
; Multiplexer Restructuring Statistics (Restructuring Performed)                                                                                                    ;
+--------------------+-----------+---------------+----------------------+------------------------+------------+-----------------------------------------------------+
; Multiplexer Inputs ; Bus Width ; Baseline Area ; Area if Restructured ; Saving if Restructured ; Registered ; Example Multiplexer Output                          ;
+--------------------+-----------+---------------+----------------------+------------------------+------------+-----------------------------------------------------+
; 4:1                ; 26 bits   ; 52 LEs        ; 26 LEs               ; 26 LEs                 ; Yes        ; |TOP|movement:MOVEMENT|frequency_move:FM|counter[0] ;
+--------------------+-----------+---------------+----------------------+------------------------+------------+-----------------------------------------------------+


+---------------------------------------------------------------------+
; Parameter Settings for User Entity Instance: Top-level Entity: |TOP ;
+----------------+----------+-----------------------------------------+
; Parameter Name ; Value    ; Type                                    ;
+----------------+----------+-----------------------------------------+
; clk_freq       ; 50000000 ; Signed Integer                          ;
+----------------+----------+-----------------------------------------+
Note: In order to hide this table in the UI and the text report file, please set the "Show Parameter Settings in Synthesis Report" option in "Analysis and Synthesis Settings -> More Settings" to "Off".


+------------------------------------------------------------------+
; Parameter Settings for User Entity Instance: frequency:FREQUENCY ;
+----------------+----------+--------------------------------------+
; Parameter Name ; Value    ; Type                                 ;
+----------------+----------+--------------------------------------+
; clk_freq       ; 50000000 ; Signed Integer                       ;
+----------------+----------+--------------------------------------+
Note: In order to hide this table in the UI and the text report file, please set the "Show Parameter Settings in Synthesis Report" option in "Analysis and Synthesis Settings -> More Settings" to "Off".


+----------------------------------------------------------------+
; Parameter Settings for User Entity Instance: movement:MOVEMENT ;
+----------------+-------+---------------------------------------+
; Parameter Name ; Value ; Type                                  ;
+----------------+-------+---------------------------------------+
; labelF1        ; 00    ; Unsigned Binary                       ;
; labelF2        ; 01    ; Unsigned Binary                       ;
; labelF3        ; 10    ; Unsigned Binary                       ;
; door_time      ; 2     ; Signed Integer                        ;
; move_time      ; 5     ; Signed Integer                        ;
+----------------+-------+---------------------------------------+
Note: In order to hide this table in the UI and the text report file, please set the "Show Parameter Settings in Synthesis Report" option in "Analysis and Synthesis Settings -> More Settings" to "Off".


+----------------------------------------------------------------------------------+
; Parameter Settings for User Entity Instance: movement:MOVEMENT|frequency_door:FD ;
+----------------+-------+---------------------------------------------------------+
; Parameter Name ; Value ; Type                                                    ;
+----------------+-------+---------------------------------------------------------+
; door_time      ; 2     ; Signed Integer                                          ;
+----------------+-------+---------------------------------------------------------+
Note: In order to hide this table in the UI and the text report file, please set the "Show Parameter Settings in Synthesis Report" option in "Analysis and Synthesis Settings -> More Settings" to "Off".


+----------------------------------------------------------------------------------+
; Parameter Settings for User Entity Instance: movement:MOVEMENT|frequency_move:FM ;
+----------------+-------+---------------------------------------------------------+
; Parameter Name ; Value ; Type                                                    ;
+----------------+-------+---------------------------------------------------------+
; move_time      ; 5     ; Signed Integer                                          ;
+----------------+-------+---------------------------------------------------------+
Note: In order to hide this table in the UI and the text report file, please set the "Show Parameter Settings in Synthesis Report" option in "Analysis and Synthesis Settings -> More Settings" to "Off".


+-------------------------------------------------------------------------------+
; Parameter Settings for User Entity Instance: movement:MOVEMENT|floor_types:FT ;
+----------------+-------+------------------------------------------------------+
; Parameter Name ; Value ; Type                                                 ;
+----------------+-------+------------------------------------------------------+
; labelF1        ; 00    ; Unsigned Binary                                      ;
; labelF2        ; 01    ; Unsigned Binary                                      ;
; labelF3        ; 10    ; Unsigned Binary                                      ;
+----------------+-------+------------------------------------------------------+
Note: In order to hide this table in the UI and the text report file, please set the "Show Parameter Settings in Synthesis Report" option in "Analysis and Synthesis Settings -> More Settings" to "Off".


+--------------------------------------------------------------------------+
; Parameter Settings for User Entity Instance: movement:MOVEMENT|goal:GOAL ;
+----------------+-------+-------------------------------------------------+
; Parameter Name ; Value ; Type                                            ;
+----------------+-------+-------------------------------------------------+
; labelF1        ; 00    ; Unsigned Binary                                 ;
; labelF2        ; 01    ; Unsigned Binary                                 ;
; labelF3        ; 10    ; Unsigned Binary                                 ;
+----------------+-------+-------------------------------------------------+
Note: In order to hide this table in the UI and the text report file, please set the "Show Parameter Settings in Synthesis Report" option in "Analysis and Synthesis Settings -> More Settings" to "Off".


+---------------------------------------------------------------------------+
; Parameter Settings for User Entity Instance: movement:MOVEMENT|buttons:BT ;
+----------------+-------+--------------------------------------------------+
; Parameter Name ; Value ; Type                                             ;
+----------------+-------+--------------------------------------------------+
; labelF1        ; 00    ; Unsigned Binary                                  ;
; labelF2        ; 01    ; Unsigned Binary                                  ;
; labelF3        ; 10    ; Unsigned Binary                                  ;
+----------------+-------+--------------------------------------------------+
Note: In order to hide this table in the UI and the text report file, please set the "Show Parameter Settings in Synthesis Report" option in "Analysis and Synthesis Settings -> More Settings" to "Off".


+--------------------------------------------------------------------------------------------------------------------+
; Port Connectivity Checks: "movement:MOVEMENT|frequency_door:FD"                                                    ;
+----------+--------+----------+-------------------------------------------------------------------------------------+
; Port     ; Type   ; Severity ; Details                                                                             ;
+----------+--------+----------+-------------------------------------------------------------------------------------+
; door_clk ; Output ; Info     ; Connected to dangling logic. Logic that only feeds a dangling port will be removed. ;
+----------+--------+----------+-------------------------------------------------------------------------------------+


+-----------------------------------------------------+
; Post-Synthesis Netlist Statistics for Top Partition ;
+-----------------------+-----------------------------+
; Type                  ; Count                       ;
+-----------------------+-----------------------------+
; boundary_port         ; 18                          ;
; cycloneiii_ff         ; 98                          ;
;     CLR               ; 6                           ;
;     ENA CLR           ; 32                          ;
;     ENA SCLR          ; 26                          ;
;     SCLR              ; 32                          ;
;     plain             ; 2                           ;
; cycloneiii_lcell_comb ; 158                         ;
;     arith             ; 87                          ;
;         2 data inputs ; 87                          ;
;     normal            ; 71                          ;
;         1 data inputs ; 5                           ;
;         2 data inputs ; 11                          ;
;         3 data inputs ; 11                          ;
;         4 data inputs ; 44                          ;
;                       ;                             ;
; Max LUT depth         ; 4.10                        ;
; Average LUT depth     ; 3.16                        ;
+-----------------------+-----------------------------+


+-------------------------------+
; Elapsed Time Per Partition    ;
+----------------+--------------+
; Partition Name ; Elapsed Time ;
+----------------+--------------+
; Top            ; 00:00:00     ;
+----------------+--------------+


+-------------------------------+
; Analysis & Synthesis Messages ;
+-------------------------------+
Info: *******************************************************************
Info: Running Quartus Prime Analysis & Synthesis
    Info: Version 23.1std.1 Build 993 05/14/2024 SC Lite Edition
    Info: Processing started: Fri Aug 30 20:24:53 2024
Info: Command: quartus_map --read_settings_files=on --write_settings_files=off TOP -c TOP
Warning (18236): Number of processors has not been specified which may cause overloading on shared machines.  Set the global assignment NUM_PARALLEL_PROCESSORS in your QSF to an appropriate value for best performance.
Info (20030): Parallel compilation is enabled and will use 10 of the 10 processors detected
Info (12021): Found 1 design units, including 1 entities, in source file design.v
    Info (12023): Found entity 1: TOP File: /home/andreojr/dev/elevator/design.v Line: 1
Warning (12162): EDA synthesis tool is specified as "Custom", but Library Mapping File is not specified
Warning (12163): EDA synthesis tool is specified as "Custom", but VCC is not specified
Warning (12164): EDA synthesis tool is specified as "Custom", but GND is not specified
Info (12127): Elaborating entity "TOP" for the top level hierarchy
Warning (12125): Using design file frequency.v, which is not specified as a design file for the current project, but contains definitions for 1 design units and 1 entities in project
    Info (12023): Found entity 1: frequency File: /home/andreojr/dev/elevator/frequency.v Line: 1
Info (12128): Elaborating entity "frequency" for hierarchy "frequency:FREQUENCY" File: /home/andreojr/dev/elevator/design.v Line: 43
Warning (12125): Using design file button_handler.v, which is not specified as a design file for the current project, but contains definitions for 1 design units and 1 entities in project
    Info (12023): Found entity 1: button_handler File: /home/andreojr/dev/elevator/button_handler.v Line: 1
Info (12128): Elaborating entity "button_handler" for hierarchy "button_handler:BUTTON_HANDLER" File: /home/andreojr/dev/elevator/design.v Line: 53
Warning (12125): Using design file movement.v, which is not specified as a design file for the current project, but contains definitions for 1 design units and 1 entities in project
    Info (12023): Found entity 1: movement File: /home/andreojr/dev/elevator/movement.v Line: 1
Info (12128): Elaborating entity "movement" for hierarchy "movement:MOVEMENT" File: /home/andreojr/dev/elevator/design.v Line: 70
Warning (12125): Using design file frequency_door.v, which is not specified as a design file for the current project, but contains definitions for 1 design units and 1 entities in project
    Info (12023): Found entity 1: frequency_door File: /home/andreojr/dev/elevator/frequency_door.v Line: 1
Info (12128): Elaborating entity "frequency_door" for hierarchy "movement:MOVEMENT|frequency_door:FD" File: /home/andreojr/dev/elevator/movement.v Line: 35
Warning (12125): Using design file frequency_move.v, which is not specified as a design file for the current project, but contains definitions for 1 design units and 1 entities in project
    Info (12023): Found entity 1: frequency_move File: /home/andreojr/dev/elevator/frequency_move.v Line: 1
Info (12128): Elaborating entity "frequency_move" for hierarchy "movement:MOVEMENT|frequency_move:FM" File: /home/andreojr/dev/elevator/movement.v Line: 45
Warning (10230): Verilog HDL assignment warning at frequency_move.v(22): truncated value with size 32 to match size of target (26) File: /home/andreojr/dev/elevator/frequency_move.v Line: 22
Warning (12125): Using design file floor_types.v, which is not specified as a design file for the current project, but contains definitions for 1 design units and 1 entities in project
    Info (12023): Found entity 1: floor_types File: /home/andreojr/dev/elevator/floor_types.v Line: 1
Info (12128): Elaborating entity "floor_types" for hierarchy "movement:MOVEMENT|floor_types:FT" File: /home/andreojr/dev/elevator/movement.v Line: 52
Warning (12125): Using design file door.v, which is not specified as a design file for the current project, but contains definitions for 1 design units and 1 entities in project
    Info (12023): Found entity 1: door File: /home/andreojr/dev/elevator/door.v Line: 1
Info (12128): Elaborating entity "door" for hierarchy "movement:MOVEMENT|door:DOOR" File: /home/andreojr/dev/elevator/movement.v Line: 60
Warning (12125): Using design file goal.v, which is not specified as a design file for the current project, but contains definitions for 1 design units and 1 entities in project
    Info (12023): Found entity 1: goal File: /home/andreojr/dev/elevator/goal.v Line: 1
Info (12128): Elaborating entity "goal" for hierarchy "movement:MOVEMENT|goal:GOAL" File: /home/andreojr/dev/elevator/movement.v Line: 68
Warning (10235): Verilog HDL Always Construct warning at goal.v(21): variable "floor" is read inside the Always Construct but isn't in the Always Construct's Event Control File: /home/andreojr/dev/elevator/goal.v Line: 21
Warning (10235): Verilog HDL Always Construct warning at goal.v(60): variable "gf" is read inside the Always Construct but isn't in the Always Construct's Event Control File: /home/andreojr/dev/elevator/goal.v Line: 60
Warning (10240): Verilog HDL Always Construct warning at goal.v(17): inferring latch(es) for variable "gf", which holds its previous value in one or more paths through the always construct File: /home/andreojr/dev/elevator/goal.v Line: 17
Info (10041): Inferred latch for "gf[0]" at goal.v(60) File: /home/andreojr/dev/elevator/goal.v Line: 60
Info (10041): Inferred latch for "gf[1]" at goal.v(60) File: /home/andreojr/dev/elevator/goal.v Line: 60
Warning (12125): Using design file buttons.v, which is not specified as a design file for the current project, but contains definitions for 1 design units and 1 entities in project
    Info (12023): Found entity 1: buttons File: /home/andreojr/dev/elevator/buttons.v Line: 1
Info (12128): Elaborating entity "buttons" for hierarchy "movement:MOVEMENT|buttons:BT" File: /home/andreojr/dev/elevator/movement.v Line: 80
Warning (12125): Using design file emergency.v, which is not specified as a design file for the current project, but contains definitions for 1 design units and 1 entities in project
    Info (12023): Found entity 1: emergency File: /home/andreojr/dev/elevator/emergency.v Line: 3
Info (12128): Elaborating entity "emergency" for hierarchy "emergency:EMERGENCY" File: /home/andreojr/dev/elevator/design.v Line: 79
Warning (12125): Using design file sos.v, which is not specified as a design file for the current project, but contains definitions for 1 design units and 1 entities in project
    Info (12023): Found entity 1: sos File: /home/andreojr/dev/elevator/sos.v Line: 1
Info (12128): Elaborating entity "sos" for hierarchy "emergency:EMERGENCY|sos:SOS" File: /home/andreojr/dev/elevator/emergency.v Line: 18
Warning (12125): Using design file weight.v, which is not specified as a design file for the current project, but contains definitions for 1 design units and 1 entities in project
    Info (12023): Found entity 1: weight File: /home/andreojr/dev/elevator/weight.v Line: 1
Info (12128): Elaborating entity "weight" for hierarchy "emergency:EMERGENCY|weight:WEIGHT" File: /home/andreojr/dev/elevator/emergency.v Line: 25
Warning (12162): EDA synthesis tool is specified as "Custom", but Library Mapping File is not specified
Warning (12163): EDA synthesis tool is specified as "Custom", but VCC is not specified
Warning (12164): EDA synthesis tool is specified as "Custom", but GND is not specified
Warning (13012): Latch movement:MOVEMENT|goal:GOAL|gf[0] has unsafe behavior File: /home/andreojr/dev/elevator/goal.v Line: 60
    Warning (13013): Ports D and ENA on the latch are fed by the same signal movement:MOVEMENT|floor[1] File: /home/andreojr/dev/elevator/movement.v Line: 85
Warning (13012): Latch movement:MOVEMENT|goal:GOAL|gf[1] has unsafe behavior File: /home/andreojr/dev/elevator/goal.v Line: 60
    Warning (13013): Ports D and ENA on the latch are fed by the same signal movement:MOVEMENT|floor[1] File: /home/andreojr/dev/elevator/movement.v Line: 85
Warning (13004): Presettable and clearable registers converted to equivalent circuits with latches. Registers power-up to an undefined state, and DEVCLRn places the registers in an undefined state.
    Warning (13310): Register "movement:MOVEMENT|buttons:BT|led1" is converted into an equivalent circuit using register "movement:MOVEMENT|buttons:BT|led1~_emulated" and latch "movement:MOVEMENT|buttons:BT|led1~1" File: /home/andreojr/dev/elevator/buttons.v Line: 19
    Warning (13310): Register "movement:MOVEMENT|buttons:BT|led2" is converted into an equivalent circuit using register "movement:MOVEMENT|buttons:BT|led2~_emulated" and latch "movement:MOVEMENT|buttons:BT|led2~1" File: /home/andreojr/dev/elevator/buttons.v Line: 19
    Warning (13310): Register "movement:MOVEMENT|buttons:BT|led3" is converted into an equivalent circuit using register "movement:MOVEMENT|buttons:BT|led3~_emulated" and latch "movement:MOVEMENT|buttons:BT|led3~1" File: /home/andreojr/dev/elevator/buttons.v Line: 19
Info (286030): Timing-Driven Synthesis is running
Info (144001): Generated suppressed messages file /home/andreojr/dev/elevator/output_files/TOP.map.smsg
Info (16010): Generating hard_block partition "hard_block:auto_generated_inst"
    Info (16011): Adding 0 node(s), including 0 DDIO, 0 PLL, 0 transceiver and 0 LCELL
Info (21057): Implemented 174 device resources after synthesis - the final resource count might be different
    Info (21058): Implemented 8 input pins
    Info (21059): Implemented 10 output pins
    Info (21061): Implemented 156 logic cells
Info: Quartus Prime Analysis & Synthesis was successful. 0 errors, 31 warnings
    Info: Peak virtual memory: 448 megabytes
    Info: Processing ended: Fri Aug 30 20:24:58 2024
    Info: Elapsed time: 00:00:05
    Info: Total CPU time (on all processors): 00:00:12


+------------------------------------------+
; Analysis & Synthesis Suppressed Messages ;
+------------------------------------------+
The suppressed messages can be found in /home/andreojr/dev/elevator/output_files/TOP.map.smsg.


